[INFO] Scanning for projects...
[INFO] 
[INFO] --------------------------< com.example:demo >--------------------------
[INFO] Building demo 0.0.1-SNAPSHOT
[INFO] --------------------------------[ jar ]---------------------------------
[INFO] 
[INFO] >>> spring-boot-maven-plugin:2.1.3.RELEASE:run (default-cli) > test-compile @ demo >>>
[INFO] 
[INFO] --- maven-resources-plugin:3.1.0:resources (default-resources) @ demo ---
[INFO] Using 'UTF-8' encoding to copy filtered resources.
[INFO] Copying 1 resource
[INFO] Copying 101 resources
[INFO] 
[INFO] --- maven-compiler-plugin:3.8.0:compile (default-compile) @ demo ---
[INFO] Nothing to compile - all classes are up to date
[INFO] 
[INFO] --- maven-resources-plugin:3.1.0:testResources (default-testResources) @ demo ---
[INFO] Using 'UTF-8' encoding to copy filtered resources.
[INFO] skip non existing resourceDirectory /home/server/WebApp/test/duce/src/test/resources
[INFO] 
[INFO] --- maven-compiler-plugin:3.8.0:testCompile (default-testCompile) @ demo ---
[INFO] No sources to compile
[INFO] 
[INFO] <<< spring-boot-maven-plugin:2.1.3.RELEASE:run (default-cli) < test-compile @ demo <<<
[INFO] 
[INFO] 
[INFO] --- spring-boot-maven-plugin:2.1.3.RELEASE:run (default-cli) @ demo ---

  .   ____          _            __ _ _
 /\\ / ___'_ __ _ _(_)_ __  __ _ \ \ \ \
( ( )\___ | '_ | '_| | '_ \/ _` | \ \ \ \
 \\/  ___)| |_)| | | | | || (_| |  ) ) ) )
  '  |____| .__|_| |_|_| |_\__, | / / / /
 =========|_|==============|___/=/_/_/_/
 :: Spring Boot ::        (v2.1.3.RELEASE)

2019-06-07 17:58:29.240  INFO 3968 --- [           main] k.a.d.SpringBootJpaSecurityApplication   : Starting SpringBootJpaSecurityApplication on Webproject1 with PID 3968 (/home/server/WebApp/test/duce/target/classes started by root in /home/server/WebApp/test/duce)
2019-06-07 17:58:29.244  INFO 3968 --- [           main] k.a.d.SpringBootJpaSecurityApplication   : The following profiles are active: live
2019-06-07 17:58:30.727  INFO 3968 --- [           main] .s.d.r.c.RepositoryConfigurationDelegate : Bootstrapping Spring Data repositories in DEFAULT mode.
2019-06-07 17:58:30.776  INFO 3968 --- [           main] .s.d.r.c.RepositoryConfigurationDelegate : Finished Spring Data repository scanning in 39ms. Found 0 repository interfaces.
2019-06-07 17:58:31.421  INFO 3968 --- [           main] trationDelegate$BeanPostProcessorChecker : Bean 'org.springframework.transaction.annotation.ProxyTransactionManagementConfiguration' of type [org.springframework.transaction.annotation.ProxyTransactionManagementConfiguration$$EnhancerBySpringCGLIB$$45d42382] is not eligible for getting processed by all BeanPostProcessors (for example: not eligible for auto-proxying)
2019-06-07 17:58:32.024  INFO 3968 --- [           main] o.s.b.w.embedded.tomcat.TomcatWebServer  : Tomcat initialized with port(s): 8080 (http)
2019-06-07 17:58:32.089  INFO 3968 --- [           main] o.apache.catalina.core.StandardService   : Starting service [Tomcat]
2019-06-07 17:58:32.089  INFO 3968 --- [           main] org.apache.catalina.core.StandardEngine  : Starting Servlet engine: [Apache Tomcat/9.0.16]
2019-06-07 17:58:32.108  INFO 3968 --- [           main] o.a.catalina.core.AprLifecycleListener   : The APR based Apache Tomcat Native library which allows optimal performance in production environments was not found on the java.library.path: [/usr/java/packages/lib:/usr/lib64:/lib64:/lib:/usr/lib]
2019-06-07 17:58:32.536  INFO 3968 --- [           main] org.apache.jasper.servlet.TldScanner     : At least one JAR was scanned for TLDs yet contained no TLDs. Enable debug logging for this logger for a complete list of JARs that were scanned but no TLDs were found in them. Skipping unneeded JARs during scanning can improve startup time and JSP compilation time.
2019-06-07 17:58:32.550  INFO 3968 --- [           main] o.a.c.c.C.[Tomcat].[localhost].[/]       : Initializing Spring embedded WebApplicationContext
2019-06-07 17:58:32.550  INFO 3968 --- [           main] o.s.web.context.ContextLoader            : Root WebApplicationContext: initialization completed in 3233 ms
2019-06-07 17:58:32.811  INFO 3968 --- [           main] com.zaxxer.hikari.HikariDataSource       : HikariPool-1 - Starting...
2019-06-07 17:58:33.108  INFO 3968 --- [           main] com.zaxxer.hikari.HikariDataSource       : HikariPool-1 - Start completed.
2019-06-07 17:58:33.201  INFO 3968 --- [           main] o.hibernate.jpa.internal.util.LogHelper  : HHH000204: Processing PersistenceUnitInfo [
	name: default
	...]
2019-06-07 17:58:33.350  INFO 3968 --- [           main] org.hibernate.Version                    : HHH000412: Hibernate Core {5.3.7.Final}
2019-06-07 17:58:33.351  INFO 3968 --- [           main] org.hibernate.cfg.Environment            : HHH000206: hibernate.properties not found
2019-06-07 17:58:33.545  INFO 3968 --- [           main] o.hibernate.annotations.common.Version   : HCANN000001: Hibernate Commons Annotations {5.0.4.Final}
2019-06-07 17:58:33.759  INFO 3968 --- [           main] org.hibernate.dialect.Dialect            : HHH000400: Using dialect: org.hibernate.dialect.MySQL5Dialect
2019-06-07 17:58:34.069  INFO 3968 --- [           main] j.LocalContainerEntityManagerFactoryBean : Initialized JPA EntityManagerFactory for persistence unit 'default'
WARNING: An illegal reflective access operation has occurred
WARNING: Illegal reflective access by org.apache.ibatis.reflection.Reflector (file:/root/.m2/repository/org/mybatis/mybatis/3.4.2/mybatis-3.4.2.jar) to method java.util.HashMap.hash(java.lang.Object)
WARNING: Please consider reporting this to the maintainers of org.apache.ibatis.reflection.Reflector
WARNING: Use --illegal-access=warn to enable warnings of further illegal reflective access operations
WARNING: All illegal access operations will be denied in a future release
2019-06-07 17:58:34.866  INFO 3968 --- [           main] o.s.s.web.DefaultSecurityFilterChain     : Creating filter chain: any request, [org.springframework.security.web.context.request.async.WebAsyncManagerIntegrationFilter@111a8d1a, org.springframework.security.web.context.SecurityContextPersistenceFilter@517bab8d, org.springframework.security.web.header.HeaderWriterFilter@7ab81aaf, org.springframework.security.web.authentication.logout.LogoutFilter@5c7736da, org.springframework.security.web.authentication.UsernamePasswordAuthenticationFilter@3724ffb6, org.springframework.security.web.savedrequest.RequestCacheAwareFilter@3e0ac20d, org.springframework.security.web.servletapi.SecurityContextHolderAwareRequestFilter@2f944ddb, org.springframework.security.web.authentication.AnonymousAuthenticationFilter@23621d6, org.springframework.security.web.session.SessionManagementFilter@628df6d8, org.springframework.security.web.access.ExceptionTranslationFilter@79453240, org.springframework.security.web.access.intercept.FilterSecurityInterceptor@3fbfbdae]
2019-06-07 17:58:35.137  INFO 3968 --- [           main] o.s.s.concurrent.ThreadPoolTaskExecutor  : Initializing ExecutorService 'applicationTaskExecutor'
2019-06-07 17:58:35.198  WARN 3968 --- [           main] aWebConfiguration$JpaWebMvcConfiguration : spring.jpa.open-in-view is enabled by default. Therefore, database queries may be performed during view rendering. Explicitly configure spring.jpa.open-in-view to disable this warning
file:/home/server/WebApp/test/duce/src/main/resources
2019-06-07 17:58:35.374  INFO 3968 --- [           main] o.s.b.a.w.s.WelcomePageHandlerMapping    : Adding welcome page template: index
2019-06-07 17:58:35.709  INFO 3968 --- [           main] o.s.b.w.embedded.tomcat.TomcatWebServer  : Tomcat started on port(s): 8080 (http) with context path ''
2019-06-07 17:58:35.714  INFO 3968 --- [           main] k.a.d.SpringBootJpaSecurityApplication   : Started SpringBootJpaSecurityApplication in 7.415 seconds (JVM running for 12.446)
2019-06-07 18:01:07.478  INFO 3968 --- [nio-8080-exec-2] o.a.c.c.C.[Tomcat].[localhost].[/]       : Initializing Spring DispatcherServlet 'dispatcherServlet'
2019-06-07 18:01:07.478  INFO 3968 --- [nio-8080-exec-2] o.s.web.servlet.DispatcherServlet        : Initializing Servlet 'dispatcherServlet'
2019-06-07 18:01:07.490  INFO 3968 --- [nio-8080-exec-2] o.s.web.servlet.DispatcherServlet        : Completed initialization in 12 ms

### Error updating database.  Cause: java.sql.SQLIntegrityConstraintViolationException: Duplicate entry '05' for key 'PRIMARY'
### The error may involve kr.ac.duce.dao.MajorCodeDao.updateMajor-Inline
### The error occurred while setting parameters
### SQL: UPDATE MajorCode SET MajorNo=?, Major=? Where MajorNo=?
### Cause: java.sql.SQLIntegrityConstraintViolationException: Duplicate entry '05' for key 'PRIMARY'
; Duplicate entry '05' for key 'PRIMARY'; nested exception is java.sql.SQLIntegrityConstraintViolationException: Duplicate entry '05' for key 'PRIMARY'
2019-06-07 19:20:58.433  WARN 3968 --- [nio-8080-exec-6] o.s.web.servlet.PageNotFound             : No mapping for GET /cache/global/img/gs.gif
2019-06-07 20:21:29.766  INFO 3968 --- [       Thread-3] o.s.s.concurrent.ThreadPoolTaskExecutor  : Shutting down ExecutorService 'applicationTaskExecutor'
2019-06-07 20:21:29.772  INFO 3968 --- [       Thread-3] j.LocalContainerEntityManagerFactoryBean : Closing JPA EntityManagerFactory for persistence unit 'default'
2019-06-07 20:21:29.776  INFO 3968 --- [       Thread-3] com.zaxxer.hikari.HikariDataSource       : HikariPool-1 - Shutdown initiated...
2019-06-07 20:21:29.786  INFO 3968 --- [       Thread-3] com.zaxxer.hikari.HikariDataSource       : HikariPool-1 - Shutdown completed.
[INFO] ------------------------------------------------------------------------
[INFO] BUILD SUCCESS
[INFO] ------------------------------------------------------------------------
[INFO] Total time:  02:23 h
[INFO] Finished at: 2019-06-07T20:21:31+09:00
[INFO] ------------------------------------------------------------------------
[INFO] Scanning for projects...
Downloading from central: https://repo.maven.apache.org/maven2/org/apache/maven/plugins/maven-jar-plugin/3.1.1/maven-jar-plugin-3.1.1.pom
Progress (1): 2.8/6.7 kBProgress (1): 5.5/6.7 kBProgress (1): 6.7 kB                        Downloaded from central: https://repo.maven.apache.org/maven2/org/apache/maven/plugins/maven-jar-plugin/3.1.1/maven-jar-plugin-3.1.1.pom (6.7 kB at 3.1 kB/s)
Downloading from central: https://repo.maven.apache.org/maven2/org/apache/maven/plugins/maven-jar-plugin/3.1.1/maven-jar-plugin-3.1.1.jar
Progress (1): 2.8/27 kBProgress (1): 5.5/27 kBProgress (1): 8.3/27 kBProgress (1): 11/27 kB Progress (1): 14/27 kBProgress (1): 16/27 kBProgress (1): 19/27 kBProgress (1): 22/27 kBProgress (1): 25/27 kBProgress (1): 27 kB                      Downloaded from central: https://repo.maven.apache.org/maven2/org/apache/maven/plugins/maven-jar-plugin/3.1.1/maven-jar-plugin-3.1.1.jar (27 kB at 50 kB/s)
Downloading from central: https://repo.maven.apache.org/maven2/org/apache/maven/plugins/maven-surefire-plugin/2.22.1/maven-surefire-plugin-2.22.1.pom
Progress (1): 2.2/5.0 kBProgress (1): 5.0 kB                        Downloaded from central: https://repo.maven.apache.org/maven2/org/apache/maven/plugins/maven-surefire-plugin/2.22.1/maven-surefire-plugin-2.22.1.pom (5.0 kB at 14 kB/s)
Downloading from central: https://repo.maven.apache.org/maven2/org/apache/maven/surefire/surefire/2.22.1/surefire-2.22.1.pom
Progress (1): 2.2/26 kBProgress (1): 5.0/26 kBProgress (1): 7.8/26 kBProgress (1): 11/26 kB Progress (1): 13/26 kBProgress (1): 16/26 kBProgress (1): 19/26 kBProgress (1): 21/26 kBProgress (1): 24/26 kBProgress (1): 26 kB                      Downloaded from central: https://repo.maven.apache.org/maven2/org/apache/maven/surefire/surefire/2.22.1/surefire-2.22.1.pom (26 kB at 68 kB/s)
Downloading from central: https://repo.maven.apache.org/maven2/org/apache/maven/plugins/maven-surefire-plugin/2.22.1/maven-surefire-plugin-2.22.1.jar
Progress (1): 2.2/41 kBProgress (1): 5.0/41 kBProgress (1): 7.7/41 kBProgress (1): 10/41 kB Progress (1): 13/41 kBProgress (1): 16/41 kBProgress (1): 19/41 kBProgress (1): 21/41 kBProgress (1): 24/41 kBProgress (1): 27/41 kBProgress (1): 30/41 kBProgress (1): 32/41 kBProgress (1): 36/41 kBProgress (1): 40/41 kBProgress (1): 41 kB                      Downloaded from central: https://repo.maven.apache.org/maven2/org/apache/maven/plugins/maven-surefire-plugin/2.22.1/maven-surefire-plugin-2.22.1.jar (41 kB at 106 kB/s)
Downloading from central: https://repo.maven.apache.org/maven2/org/apache/maven/plugins/maven-install-plugin/2.5.2/maven-install-plugin-2.5.2.pom
Progress (1): 4.1/6.4 kBProgress (1): 6.4 kB                        Downloaded from central: https://repo.maven.apache.org/maven2/org/apache/maven/plugins/maven-install-plugin/2.5.2/maven-install-plugin-2.5.2.pom (6.4 kB at 18 kB/s)
Downloading from central: https://repo.maven.apache.org/maven2/org/apache/maven/plugins/maven-plugins/25/maven-plugins-25.pom
Progress (1): 2.8/9.6 kBProgress (1): 5.5/9.6 kBProgress (1): 8.3/9.6 kBProgress (1): 9.6 kB                        Downloaded from central: https://repo.maven.apache.org/maven2/org/apache/maven/plugins/maven-plugins/25/maven-plugins-25.pom (9.6 kB at 26 kB/s)
Downloading from central: https://repo.maven.apache.org/maven2/org/apache/maven/maven-parent/24/maven-parent-24.pom
Progress (1): 2.2/37 kBProgress (1): 5.0/37 kBProgress (1): 7.8/37 kBProgress (1): 11/37 kB Progress (1): 13/37 kBProgress (1): 16/37 kBProgress (1): 19/37 kBProgress (1): 21/37 kBProgress (1): 24/37 kBProgress (1): 27/37 kBProgress (1): 30/37 kBProgress (1): 32/37 kBProgress (1): 35/37 kBProgress (1): 37 kB                      Downloaded from central: https://repo.maven.apache.org/maven2/org/apache/maven/maven-parent/24/maven-parent-24.pom (37 kB at 70 kB/s)
Downloading from central: https://repo.maven.apache.org/maven2/org/apache/apache/14/apache-14.pom
Progress (1): 2.2/15 kBProgress (1): 5.0/15 kBProgress (1): 7.7/15 kBProgress (1): 11/15 kB Progress (1): 13/15 kBProgress (1): 15 kB                      Downloaded from central: https://repo.maven.apache.org/maven2/org/apache/apache/14/apache-14.pom (15 kB at 41 kB/s)
Downloading from central: https://repo.maven.apache.org/maven2/org/apache/maven/plugins/maven-install-plugin/2.5.2/maven-install-plugin-2.5.2.jar
Progress (1): 2.8/33 kBProgress (1): 5.5/33 kBProgress (1): 8.3/33 kBProgress (1): 11/33 kB Progress (1): 14/33 kBProgress (1): 16/33 kBProgress (1): 19/33 kBProgress (1): 22/33 kBProgress (1): 25/33 kBProgress (1): 27/33 kBProgress (1): 30/33 kBProgress (1): 33/33 kBProgress (1): 33 kB                      Downloaded from central: https://repo.maven.apache.org/maven2/org/apache/maven/plugins/maven-install-plugin/2.5.2/maven-install-plugin-2.5.2.jar (33 kB at 90 kB/s)
Downloading from central: https://repo.maven.apache.org/maven2/org/apache/maven/plugins/maven-deploy-plugin/2.8.2/maven-deploy-plugin-2.8.2.pom
Progress (1): 2.2/7.1 kBProgress (1): 5.0/7.1 kBProgress (1): 7.1 kB                        Downloaded from central: https://repo.maven.apache.org/maven2/org/apache/maven/plugins/maven-deploy-plugin/2.8.2/maven-deploy-plugin-2.8.2.pom (7.1 kB at 20 kB/s)
Downloading from central: https://repo.maven.apache.org/maven2/org/apache/maven/plugins/maven-deploy-plugin/2.8.2/maven-deploy-plugin-2.8.2.jar
Progress (1): 2.2/34 kBProgress (1): 5.0/34 kBProgress (1): 7.7/34 kBProgress (1): 10/34 kB Progress (1): 13/34 kBProgress (1): 16/34 kBProgress (1): 19/34 kBProgress (1): 21/34 kBProgress (1): 24/34 kBProgress (1): 27/34 kBProgress (1): 30/34 kBProgress (1): 32/34 kBProgress (1): 34 kB                      Downloaded from central: https://repo.maven.apache.org/maven2/org/apache/maven/plugins/maven-deploy-plugin/2.8.2/maven-deploy-plugin-2.8.2.jar (34 kB at 91 kB/s)
Downloading from central: https://repo.maven.apache.org/maven2/org/apache/maven/plugins/maven-site-plugin/3.7.1/maven-site-plugin-3.7.1.pom
Progress (1): 2.2/19 kBProgress (1): 5.0/19 kBProgress (1): 7.8/19 kBProgress (1): 11/19 kB Progress (1): 13/19 kBProgress (1): 16/19 kBProgress (1): 19/19 kBProgress (1): 19 kB                      Downloaded from central: https://repo.maven.apache.org/maven2/org/apache/maven/plugins/maven-site-plugin/3.7.1/maven-site-plugin-3.7.1.pom (19 kB at 53 kB/s)
Downloading from central: https://repo.maven.apache.org/maven2/org/apache/maven/plugins/maven-site-plugin/3.7.1/maven-site-plugin-3.7.1.jar
Progress (1): 2.2/135 kBProgress (1): 5.0/135 kBProgress (1): 7.7/135 kBProgress (1): 10/135 kB Progress (1): 13/135 kBProgress (1): 16/135 kBProgress (1): 19/135 kBProgress (1): 21/135 kBProgress (1): 24/135 kBProgress (1): 27/135 kBProgress (1): 30/135 kBProgress (1): 32/135 kBProgress (1): 36/135 kBProgress (1): 40/135 kBProgress (1): 45/135 kBProgress (1): 49/135 kBProgress (1): 53/135 kBProgress (1): 57/135 kBProgress (1): 61/135 kBProgress (1): 65/135 kBProgress (1): 69/135 kBProgress (1): 73/135 kBProgress (1): 77/135 kBProgress (1): 81/135 kBProgress (1): 85/135 kBProgress (1): 90/135 kBProgress (1): 94/135 kBProgress (1): 98/135 kBProgress (1): 102/135 kBProgress (1): 106/135 kBProgress (1): 110/135 kBProgress (1): 114/135 kBProgress (1): 118/135 kBProgress (1): 122/135 kBProgress (1): 126/135 kBProgress (1): 131/135 kBProgress (1): 135/135 kBProgress (1): 135 kB                        Downloaded from central: https://repo.maven.apache.org/maven2/org/apache/maven/plugins/maven-site-plugin/3.7.1/maven-site-plugin-3.7.1.jar (135 kB at 193 kB/s)
Downloading from central: https://repo.maven.apache.org/maven2/org/apache/johnzon/johnzon-maven-plugin/1.1.11/johnzon-maven-plugin-1.1.11.pom
Progress (1): 2.2/3.6 kBProgress (1): 3.6 kB                        Downloaded from central: https://repo.maven.apache.org/maven2/org/apache/johnzon/johnzon-maven-plugin/1.1.11/johnzon-maven-plugin-1.1.11.pom (3.6 kB at 9.6 kB/s)
Downloading from central: https://repo.maven.apache.org/maven2/org/apache/johnzon/johnzon/1.1.11/johnzon-1.1.11.pom
Progress (1): 2.2/25 kBProgress (1): 5.0/25 kBProgress (1): 7.8/25 kBProgress (1): 11/25 kB Progress (1): 13/25 kBProgress (1): 16/25 kBProgress (1): 19/25 kBProgress (1): 21/25 kBProgress (1): 24/25 kBProgress (1): 25 kB                      Downloaded from central: https://repo.maven.apache.org/maven2/org/apache/johnzon/johnzon/1.1.11/johnzon-1.1.11.pom (25 kB at 67 kB/s)
Downloading from central: https://repo.maven.apache.org/maven2/org/apache/johnzon/johnzon-maven-plugin/1.1.11/johnzon-maven-plugin-1.1.11.jar
Progress (1): 2.2/26 kBProgress (1): 5.0/26 kBProgress (1): 7.7/26 kBProgress (1): 10/26 kB Progress (1): 13/26 kBProgress (1): 16/26 kBProgress (1): 19/26 kBProgress (1): 21/26 kBProgress (1): 24/26 kBProgress (1): 26 kB                      Downloaded from central: https://repo.maven.apache.org/maven2/org/apache/johnzon/johnzon-maven-plugin/1.1.11/johnzon-maven-plugin-1.1.11.jar (26 kB at 71 kB/s)
Downloading from central: https://repo.maven.apache.org/maven2/org/jetbrains/kotlin/kotlin-maven-plugin/1.2.71/kotlin-maven-plugin-1.2.71.pom
Progress (1): 2.2/6.1 kBProgress (1): 5.0/6.1 kBProgress (1): 6.1 kB                        Downloaded from central: https://repo.maven.apache.org/maven2/org/jetbrains/kotlin/kotlin-maven-plugin/1.2.71/kotlin-maven-plugin-1.2.71.pom (6.1 kB at 17 kB/s)
Downloading from central: https://repo.maven.apache.org/maven2/org/jetbrains/kotlin/kotlin-project/1.2.71/kotlin-project-1.2.71.pom
Progress (1): 2.2/10 kBProgress (1): 5.0/10 kBProgress (1): 7.8/10 kBProgress (1): 10 kB                       Downloaded from central: https://repo.maven.apache.org/maven2/org/jetbrains/kotlin/kotlin-project/1.2.71/kotlin-project-1.2.71.pom (10 kB at 28 kB/s)
Downloading from central: https://repo.maven.apache.org/maven2/org/jetbrains/kotlin/kotlin-maven-plugin/1.2.71/kotlin-maven-plugin-1.2.71.jar
Progress (1): 2.2/79 kBProgress (1): 5.0/79 kBProgress (1): 7.7/79 kBProgress (1): 10/79 kB Progress (1): 13/79 kBProgress (1): 16/79 kBProgress (1): 19/79 kBProgress (1): 21/79 kBProgress (1): 24/79 kBProgress (1): 27/79 kBProgress (1): 30/79 kBProgress (1): 32/79 kBProgress (1): 36/79 kBProgress (1): 40/79 kBProgress (1): 45/79 kBProgress (1): 49/79 kBProgress (1): 53/79 kBProgress (1): 57/79 kBProgress (1): 61/79 kBProgress (1): 65/79 kBProgress (1): 69/79 kBProgress (1): 73/79 kBProgress (1): 77/79 kBProgress (1): 79 kB                      Downloaded from central: https://repo.maven.apache.org/maven2/org/jetbrains/kotlin/kotlin-maven-plugin/1.2.71/kotlin-maven-plugin-1.2.71.jar (79 kB at 205 kB/s)
Downloading from central: https://repo.maven.apache.org/maven2/org/jooq/jooq-codegen-maven/3.11.9/jooq-codegen-maven-3.11.9.pom
Progress (1): 3.5 kB                    Downloaded from central: https://repo.maven.apache.org/maven2/org/jooq/jooq-codegen-maven/3.11.9/jooq-codegen-maven-3.11.9.pom (3.5 kB at 9.9 kB/s)
Downloading from central: https://repo.maven.apache.org/maven2/org/jooq/jooq-parent/3.11.9/jooq-parent-3.11.9.pom
Progress (1): 2.2/11 kBProgress (1): 5.0/11 kBProgress (1): 7.8/11 kBProgress (1): 11/11 kB Progress (1): 11 kB                      Downloaded from central: https://repo.maven.apache.org/maven2/org/jooq/jooq-parent/3.11.9/jooq-parent-3.11.9.pom (11 kB at 30 kB/s)
Downloading from central: https://repo.maven.apache.org/maven2/org/jooq/jooq-codegen-maven/3.11.9/jooq-codegen-maven-3.11.9.jar
Progress (1): 2.2/16 kBProgress (1): 5.0/16 kBProgress (1): 7.7/16 kBProgress (1): 10/16 kB Progress (1): 13/16 kBProgress (1): 16/16 kBProgress (1): 16 kB                      Downloaded from central: https://repo.maven.apache.org/maven2/org/jooq/jooq-codegen-maven/3.11.9/jooq-codegen-maven-3.11.9.jar (16 kB at 46 kB/s)
Downloading from central: https://repo.maven.apache.org/maven2/org/apache/maven/plugins/maven-antrun-plugin/1.8/maven-antrun-plugin-1.8.pom
Progress (1): 2.2/3.3 kBProgress (1): 3.3 kB                        Downloaded from central: https://repo.maven.apache.org/maven2/org/apache/maven/plugins/maven-antrun-plugin/1.8/maven-antrun-plugin-1.8.pom (3.3 kB at 9.4 kB/s)
Downloading from central: https://repo.maven.apache.org/maven2/org/apache/maven/plugins/maven-plugins/27/maven-plugins-27.pom
Progress (1): 2.2/11 kBProgress (1): 5.0/11 kBProgress (1): 7.8/11 kBProgress (1): 11/11 kB Progress (1): 11 kB                      Downloaded from central: https://repo.maven.apache.org/maven2/org/apache/maven/plugins/maven-plugins/27/maven-plugins-27.pom (11 kB at 32 kB/s)
Downloading from central: https://repo.maven.apache.org/maven2/org/apache/maven/maven-parent/26/maven-parent-26.pom
Progress (1): 2.2/40 kBProgress (1): 5.0/40 kBProgress (1): 7.8/40 kBProgress (1): 11/40 kB Progress (1): 13/40 kBProgress (1): 16/40 kBProgress (1): 19/40 kBProgress (1): 21/40 kBProgress (1): 24/40 kBProgress (1): 27/40 kBProgress (1): 30/40 kBProgress (1): 32/40 kBProgress (1): 35/40 kBProgress (1): 38/40 kBProgress (1): 40 kB                      Downloaded from central: https://repo.maven.apache.org/maven2/org/apache/maven/maven-parent/26/maven-parent-26.pom (40 kB at 108 kB/s)
Downloading from central: https://repo.maven.apache.org/maven2/org/apache/maven/plugins/maven-antrun-plugin/1.8/maven-antrun-plugin-1.8.jar
Progress (1): 2.2/36 kBProgress (1): 5.0/36 kBProgress (1): 7.7/36 kBProgress (1): 10/36 kB Progress (1): 13/36 kBProgress (1): 16/36 kBProgress (1): 19/36 kBProgress (1): 21/36 kBProgress (1): 24/36 kBProgress (1): 27/36 kBProgress (1): 30/36 kBProgress (1): 32/36 kBProgress (1): 35/36 kBProgress (1): 36 kB                      Downloaded from central: https://repo.maven.apache.org/maven2/org/apache/maven/plugins/maven-antrun-plugin/1.8/maven-antrun-plugin-1.8.jar (36 kB at 97 kB/s)
Downloading from central: https://repo.maven.apache.org/maven2/org/apache/maven/plugins/maven-assembly-plugin/3.1.1/maven-assembly-plugin-3.1.1.pom
Progress (1): 2.2/15 kBProgress (1): 5.0/15 kBProgress (1): 7.8/15 kBProgress (1): 11/15 kB Progress (1): 13/15 kBProgress (1): 15 kB                      Downloaded from central: https://repo.maven.apache.org/maven2/org/apache/maven/plugins/maven-assembly-plugin/3.1.1/maven-assembly-plugin-3.1.1.pom (15 kB at 42 kB/s)
Downloading from central: https://repo.maven.apache.org/maven2/org/apache/maven/plugins/maven-assembly-plugin/3.1.1/maven-assembly-plugin-3.1.1.jar
Progress (1): 2.2/236 kBProgress (1): 5.0/236 kBProgress (1): 7.7/236 kBProgress (1): 10/236 kB Progress (1): 13/236 kBProgress (1): 16/236 kBProgress (1): 19/236 kBProgress (1): 21/236 kBProgress (1): 24/236 kBProgress (1): 27/236 kBProgress (1): 30/236 kBProgress (1): 32/236 kBProgress (1): 36/236 kBProgress (1): 40/236 kBProgress (1): 45/236 kBProgress (1): 49/236 kBProgress (1): 53/236 kBProgress (1): 57/236 kBProgress (1): 61/236 kBProgress (1): 65/236 kBProgress (1): 69/236 kBProgress (1): 73/236 kBProgress (1): 77/236 kBProgress (1): 81/236 kBProgress (1): 85/236 kBProgress (1): 90/236 kBProgress (1): 94/236 kBProgress (1): 98/236 kBProgress (1): 102/236 kBProgress (1): 106/236 kBProgress (1): 110/236 kBProgress (1): 114/236 kBProgress (1): 118/236 kBProgress (1): 122/236 kBProgress (1): 126/236 kBProgress (1): 131/236 kBProgress (1): 135/236 kBProgress (1): 139/236 kBProgress (1): 143/236 kBProgress (1): 147/236 kBProgress (1): 151/236 kBProgress (1): 155/236 kBProgress (1): 159/236 kBProgress (1): 163/236 kBProgress (1): 167/236 kBProgress (1): 171/236 kBProgress (1): 176/236 kBProgress (1): 180/236 kBProgress (1): 184/236 kBProgress (1): 188/236 kBProgress (1): 192/236 kBProgress (1): 196/236 kBProgress (1): 200/236 kBProgress (1): 204/236 kBProgress (1): 208/236 kBProgress (1): 212/236 kBProgress (1): 217/236 kBProgress (1): 221/236 kBProgress (1): 225/236 kBProgress (1): 229/236 kBProgress (1): 233/236 kBProgress (1): 236 kB                        Downloaded from central: https://repo.maven.apache.org/maven2/org/apache/maven/plugins/maven-assembly-plugin/3.1.1/maven-assembly-plugin-3.1.1.jar (236 kB at 328 kB/s)
Downloading from central: https://repo.maven.apache.org/maven2/org/apache/maven/plugins/maven-dependency-plugin/3.1.1/maven-dependency-plugin-3.1.1.pom
Progress (1): 2.8/15 kBProgress (1): 5.5/15 kBProgress (1): 8.3/15 kBProgress (1): 11/15 kB Progress (1): 14/15 kBProgress (1): 15 kB                      Downloaded from central: https://repo.maven.apache.org/maven2/org/apache/maven/plugins/maven-dependency-plugin/3.1.1/maven-dependency-plugin-3.1.1.pom (15 kB at 41 kB/s)
Downloading from central: https://repo.maven.apache.org/maven2/org/apache/maven/plugins/maven-dependency-plugin/3.1.1/maven-dependency-plugin-3.1.1.jar
Progress (1): 2.2/167 kBProgress (1): 5.0/167 kBProgress (1): 7.7/167 kBProgress (1): 10/167 kB Progress (1): 13/167 kBProgress (1): 16/167 kBProgress (1): 19/167 kBProgress (1): 21/167 kBProgress (1): 24/167 kBProgress (1): 27/167 kBProgress (1): 30/167 kBProgress (1): 32/167 kBProgress (1): 36/167 kBProgress (1): 40/167 kBProgress (1): 45/167 kBProgress (1): 49/167 kBProgress (1): 53/167 kBProgress (1): 57/167 kBProgress (1): 61/167 kBProgress (1): 65/167 kBProgress (1): 69/167 kBProgress (1): 73/167 kBProgress (1): 77/167 kBProgress (1): 81/167 kBProgress (1): 85/167 kBProgress (1): 90/167 kBProgress (1): 94/167 kBProgress (1): 98/167 kBProgress (1): 102/167 kBProgress (1): 106/167 kBProgress (1): 110/167 kBProgress (1): 114/167 kBProgress (1): 118/167 kBProgress (1): 122/167 kBProgress (1): 126/167 kBProgress (1): 131/167 kBProgress (1): 135/167 kBProgress (1): 139/167 kBProgress (1): 143/167 kBProgress (1): 147/167 kBProgress (1): 151/167 kBProgress (1): 155/167 kBProgress (1): 159/167 kBProgress (1): 163/167 kBProgress (1): 167 kB                        Downloaded from central: https://repo.maven.apache.org/maven2/org/apache/maven/plugins/maven-dependency-plugin/3.1.1/maven-dependency-plugin-3.1.1.jar (167 kB at 158 kB/s)
Downloading from central: https://repo.maven.apache.org/maven2/org/apache/maven/plugins/maven-release-plugin/2.5.3/maven-release-plugin-2.5.3.pom
Progress (1): 4.1/11 kBProgress (1): 7.7/11 kBProgress (1): 11 kB                       Downloaded from central: https://repo.maven.apache.org/maven2/org/apache/maven/plugins/maven-release-plugin/2.5.3/maven-release-plugin-2.5.3.pom (11 kB at 31 kB/s)
Downloading from central: https://repo.maven.apache.org/maven2/org/apache/maven/release/maven-release/2.5.3/maven-release-2.5.3.pom
Progress (1): 4.1/5.0 kBProgress (1): 5.0 kB                        Downloaded from central: https://repo.maven.apache.org/maven2/org/apache/maven/release/maven-release/2.5.3/maven-release-2.5.3.pom (5.0 kB at 14 kB/s)
Downloading from central: https://repo.maven.apache.org/maven2/org/apache/maven/plugins/maven-release-plugin/2.5.3/maven-release-plugin-2.5.3.jar
Progress (1): 2.2/53 kBProgress (1): 5.0/53 kBProgress (1): 7.7/53 kBProgress (1): 10/53 kB Progress (1): 13/53 kBProgress (1): 16/53 kBProgress (1): 19/53 kBProgress (1): 21/53 kBProgress (1): 24/53 kBProgress (1): 27/53 kBProgress (1): 30/53 kBProgress (1): 32/53 kBProgress (1): 36/53 kBProgress (1): 40/53 kBProgress (1): 45/53 kBProgress (1): 49/53 kBProgress (1): 53/53 kBProgress (1): 53 kB                      Downloaded from central: https://repo.maven.apache.org/maven2/org/apache/maven/plugins/maven-release-plugin/2.5.3/maven-release-plugin-2.5.3.jar (53 kB at 142 kB/s)
Downloading from central: https://repo.maven.apache.org/maven2/org/apache/maven/plugins/maven-enforcer-plugin/3.0.0-M2/maven-enforcer-plugin-3.0.0-M2.pom
Progress (1): 2.8/6.8 kBProgress (1): 5.5/6.8 kBProgress (1): 6.8 kB                        Downloaded from central: https://repo.maven.apache.org/maven2/org/apache/maven/plugins/maven-enforcer-plugin/3.0.0-M2/maven-enforcer-plugin-3.0.0-M2.pom (6.8 kB at 19 kB/s)
Downloading from central: https://repo.maven.apache.org/maven2/org/apache/maven/enforcer/enforcer/3.0.0-M2/enforcer-3.0.0-M2.pom
Progress (1): 2.8/7.9 kBProgress (1): 5.5/7.9 kBProgress (1): 7.9 kB                        Downloaded from central: https://repo.maven.apache.org/maven2/org/apache/maven/enforcer/enforcer/3.0.0-M2/enforcer-3.0.0-M2.pom (7.9 kB at 22 kB/s)
Downloading from central: https://repo.maven.apache.org/maven2/org/apache/maven/plugins/maven-enforcer-plugin/3.0.0-M2/maven-enforcer-plugin-3.0.0-M2.jar
Progress (1): 2.8/26 kBProgress (1): 5.5/26 kBProgress (1): 8.3/26 kBProgress (1): 11/26 kB Progress (1): 14/26 kBProgress (1): 16/26 kBProgress (1): 19/26 kBProgress (1): 22/26 kBProgress (1): 25/26 kBProgress (1): 26 kB                      Downloaded from central: https://repo.maven.apache.org/maven2/org/apache/maven/plugins/maven-enforcer-plugin/3.0.0-M2/maven-enforcer-plugin-3.0.0-M2.jar (26 kB at 72 kB/s)
Downloading from central: https://repo.maven.apache.org/maven2/org/apache/maven/plugins/maven-failsafe-plugin/2.22.1/maven-failsafe-plugin-2.22.1.pom
Progress (1): 2.2/12 kBProgress (1): 5.0/12 kBProgress (1): 7.8/12 kBProgress (1): 11/12 kB Progress (1): 12 kB                      Downloaded from central: https://repo.maven.apache.org/maven2/org/apache/maven/plugins/maven-failsafe-plugin/2.22.1/maven-failsafe-plugin-2.22.1.pom (12 kB at 34 kB/s)
Downloading from central: https://repo.maven.apache.org/maven2/org/apache/maven/plugins/maven-failsafe-plugin/2.22.1/maven-failsafe-plugin-2.22.1.jar
Progress (1): 2.2/294 kBProgress (1): 5.0/294 kBProgress (1): 7.7/294 kBProgress (1): 10/294 kB Progress (1): 13/294 kBProgress (1): 16/294 kBProgress (1): 19/294 kBProgress (1): 21/294 kBProgress (1): 24/294 kBProgress (1): 27/294 kBProgress (1): 30/294 kBProgress (1): 32/294 kBProgress (1): 36/294 kBProgress (1): 40/294 kBProgress (1): 45/294 kBProgress (1): 49/294 kBProgress (1): 53/294 kBProgress (1): 57/294 kBProgress (1): 61/294 kBProgress (1): 65/294 kBProgress (1): 69/294 kBProgress (1): 73/294 kBProgress (1): 77/294 kBProgress (1): 81/294 kBProgress (1): 85/294 kBProgress (1): 90/294 kBProgress (1): 94/294 kBProgress (1): 98/294 kBProgress (1): 102/294 kBProgress (1): 106/294 kBProgress (1): 110/294 kBProgress (1): 114/294 kBProgress (1): 118/294 kBProgress (1): 122/294 kBProgress (1): 126/294 kBProgress (1): 131/294 kBProgress (1): 135/294 kBProgress (1): 139/294 kBProgress (1): 143/294 kBProgress (1): 147/294 kBProgress (1): 151/294 kBProgress (1): 155/294 kBProgress (1): 159/294 kBProgress (1): 163/294 kBProgress (1): 167/294 kBProgress (1): 171/294 kBProgress (1): 176/294 kBProgress (1): 180/294 kBProgress (1): 184/294 kBProgress (1): 188/294 kBProgress (1): 192/294 kBProgress (1): 196/294 kBProgress (1): 200/294 kBProgress (1): 204/294 kBProgress (1): 208/294 kBProgress (1): 212/294 kBProgress (1): 217/294 kBProgress (1): 221/294 kBProgress (1): 225/294 kBProgress (1): 229/294 kBProgress (1): 233/294 kBProgress (1): 237/294 kBProgress (1): 241/294 kBProgress (1): 245/294 kBProgress (1): 249/294 kBProgress (1): 253/294 kBProgress (1): 258/294 kBProgress (1): 262/294 kBProgress (1): 266/294 kBProgress (1): 270/294 kBProgress (1): 274/294 kBProgress (1): 278/294 kBProgress (1): 282/294 kBProgress (1): 286/294 kBProgress (1): 290/294 kBProgress (1): 294 kB                        Downloaded from central: https://repo.maven.apache.org/maven2/org/apache/maven/plugins/maven-failsafe-plugin/2.22.1/maven-failsafe-plugin-2.22.1.jar (294 kB at 414 kB/s)
Downloading from central: https://repo.maven.apache.org/maven2/org/apache/maven/plugins/maven-invoker-plugin/3.1.0/maven-invoker-plugin-3.1.0.pom
Progress (1): 4.1/14 kBProgress (1): 8.2/14 kBProgress (1): 12/14 kB Progress (1): 14 kB                      Downloaded from central: https://repo.maven.apache.org/maven2/org/apache/maven/plugins/maven-invoker-plugin/3.1.0/maven-invoker-plugin-3.1.0.pom (14 kB at 38 kB/s)
Downloading from central: https://repo.maven.apache.org/maven2/org/apache/maven/plugins/maven-invoker-plugin/3.1.0/maven-invoker-plugin-3.1.0.jar
Progress (1): 4.1/115 kBProgress (1): 8.2/115 kBProgress (1): 12/115 kB Progress (1): 16/115 kBProgress (1): 20/115 kBProgress (1): 25/115 kBProgress (1): 29/115 kBProgress (1): 33/115 kBProgress (1): 37/115 kBProgress (1): 41/115 kBProgress (1): 45/115 kBProgress (1): 49/115 kBProgress (1): 53/115 kBProgress (1): 57/115 kBProgress (1): 61/115 kBProgress (1): 66/115 kBProgress (1): 70/115 kBProgress (1): 74/115 kBProgress (1): 78/115 kBProgress (1): 82/115 kBProgress (1): 86/115 kBProgress (1): 90/115 kBProgress (1): 94/115 kBProgress (1): 98/115 kBProgress (1): 102/115 kBProgress (1): 106/115 kBProgress (1): 111/115 kBProgress (1): 115/115 kBProgress (1): 115 kB                        Downloaded from central: https://repo.maven.apache.org/maven2/org/apache/maven/plugins/maven-invoker-plugin/3.1.0/maven-invoker-plugin-3.1.0.jar (115 kB at 217 kB/s)
Downloading from central: https://repo.maven.apache.org/maven2/org/apache/maven/plugins/maven-help-plugin/3.1.1/maven-help-plugin-3.1.1.pom
Progress (1): 4.1/9.4 kBProgress (1): 7.7/9.4 kBProgress (1): 9.4 kB                        Downloaded from central: https://repo.maven.apache.org/maven2/org/apache/maven/plugins/maven-help-plugin/3.1.1/maven-help-plugin-3.1.1.pom (9.4 kB at 26 kB/s)
Downloading from central: https://repo.maven.apache.org/maven2/org/apache/maven/plugins/maven-help-plugin/3.1.1/maven-help-plugin-3.1.1.jar
Progress (1): 4.1/64 kBProgress (1): 7.7/64 kBProgress (1): 12/64 kB Progress (1): 16/64 kBProgress (1): 20/64 kBProgress (1): 24/64 kBProgress (1): 28/64 kBProgress (1): 32/64 kBProgress (1): 36/64 kBProgress (1): 40/64 kBProgress (1): 45/64 kBProgress (1): 49/64 kBProgress (1): 53/64 kBProgress (1): 57/64 kBProgress (1): 61/64 kBProgress (1): 64 kB                      Downloaded from central: https://repo.maven.apache.org/maven2/org/apache/maven/plugins/maven-help-plugin/3.1.1/maven-help-plugin-3.1.1.jar (64 kB at 169 kB/s)
Downloading from central: https://repo.maven.apache.org/maven2/org/apache/maven/plugins/maven-javadoc-plugin/3.0.1/maven-javadoc-plugin-3.0.1.pom
Progress (1): 4.1/19 kBProgress (1): 7.7/19 kBProgress (1): 12/19 kB Progress (1): 16/19 kBProgress (1): 19 kB                      Downloaded from central: https://repo.maven.apache.org/maven2/org/apache/maven/plugins/maven-javadoc-plugin/3.0.1/maven-javadoc-plugin-3.0.1.pom (19 kB at 53 kB/s)
Downloading from central: https://repo.maven.apache.org/maven2/org/apache/maven/plugins/maven-javadoc-plugin/3.0.1/maven-javadoc-plugin-3.0.1.jar
Progress (1): 4.1/421 kBProgress (1): 7.7/421 kBProgress (1): 12/421 kB Progress (1): 16/421 kBProgress (1): 20/421 kBProgress (1): 24/421 kBProgress (1): 28/421 kBProgress (1): 32/421 kBProgress (1): 36/421 kBProgress (1): 40/421 kBProgress (1): 45/421 kBProgress (1): 49/421 kBProgress (1): 53/421 kBProgress (1): 57/421 kBProgress (1): 61/421 kBProgress (1): 65/421 kBProgress (1): 69/421 kBProgress (1): 73/421 kBProgress (1): 77/421 kBProgress (1): 81/421 kBProgress (1): 85/421 kBProgress (1): 90/421 kBProgress (1): 94/421 kBProgress (1): 98/421 kBProgress (1): 102/421 kBProgress (1): 106/421 kBProgress (1): 110/421 kBProgress (1): 114/421 kBProgress (1): 118/421 kBProgress (1): 122/421 kBProgress (1): 126/421 kBProgress (1): 131/421 kBProgress (1): 135/421 kBProgress (1): 139/421 kBProgress (1): 143/421 kBProgress (1): 147/421 kBProgress (1): 151/421 kBProgress (1): 155/421 kBProgress (1): 159/421 kBProgress (1): 163/421 kBProgress (1): 167/421 kBProgress (1): 171/421 kBProgress (1): 176/421 kBProgress (1): 180/421 kBProgress (1): 184/421 kBProgress (1): 188/421 kBProgress (1): 192/421 kBProgress (1): 196/421 kBProgress (1): 200/421 kBProgress (1): 204/421 kBProgress (1): 208/421 kBProgress (1): 212/421 kBProgress (1): 217/421 kBProgress (1): 219/421 kBProgress (1): 223/421 kBProgress (1): 227/421 kBProgress (1): 231/421 kBProgress (1): 235/421 kBProgress (1): 239/421 kBProgress (1): 243/421 kBProgress (1): 247/421 kBProgress (1): 251/421 kBProgress (1): 256/421 kBProgress (1): 260/421 kBProgress (1): 264/421 kBProgress (1): 268/421 kBProgress (1): 272/421 kBProgress (1): 276/421 kBProgress (1): 280/421 kBProgress (1): 284/421 kBProgress (1): 288/421 kBProgress (1): 292/421 kBProgress (1): 297/421 kBProgress (1): 301/421 kBProgress (1): 305/421 kBProgress (1): 309/421 kBProgress (1): 313/421 kBProgress (1): 317/421 kBProgress (1): 321/421 kBProgress (1): 325/421 kBProgress (1): 329/421 kBProgress (1): 333/421 kBProgress (1): 338/421 kBProgress (1): 342/421 kBProgress (1): 346/421 kBProgress (1): 350/421 kBProgress (1): 354/421 kBProgress (1): 358/421 kBProgress (1): 362/421 kBProgress (1): 366/421 kBProgress (1): 370/421 kBProgress (1): 374/421 kBProgress (1): 378/421 kBProgress (1): 383/421 kBProgress (1): 387/421 kBProgress (1): 391/421 kBProgress (1): 395/421 kBProgress (1): 399/421 kBProgress (1): 403/421 kBProgress (1): 407/421 kBProgress (1): 411/421 kBProgress (1): 415/421 kBProgress (1): 419/421 kBProgress (1): 421 kB                        Downloaded from central: https://repo.maven.apache.org/maven2/org/apache/maven/plugins/maven-javadoc-plugin/3.0.1/maven-javadoc-plugin-3.0.1.jar (421 kB at 481 kB/s)
Downloading from central: https://repo.maven.apache.org/maven2/org/apache/maven/plugins/maven-source-plugin/3.0.1/maven-source-plugin-3.0.1.pom
Progress (1): 2.2/5.7 kBProgress (1): 5.0/5.7 kBProgress (1): 5.7 kB                        Downloaded from central: https://repo.maven.apache.org/maven2/org/apache/maven/plugins/maven-source-plugin/3.0.1/maven-source-plugin-3.0.1.pom (5.7 kB at 16 kB/s)
Downloading from central: https://repo.maven.apache.org/maven2/org/apache/maven/plugins/maven-plugins/30/maven-plugins-30.pom
Progress (1): 2.8/10 kBProgress (1): 5.5/10 kBProgress (1): 8.3/10 kBProgress (1): 10 kB                       Downloaded from central: https://repo.maven.apache.org/maven2/org/apache/maven/plugins/maven-plugins/30/maven-plugins-30.pom (10 kB at 29 kB/s)
Downloading from central: https://repo.maven.apache.org/maven2/org/apache/maven/plugins/maven-source-plugin/3.0.1/maven-source-plugin-3.0.1.jar
Progress (1): 2.2/31 kBProgress (1): 5.0/31 kBProgress (1): 7.7/31 kBProgress (1): 10/31 kB Progress (1): 13/31 kBProgress (1): 16/31 kBProgress (1): 19/31 kBProgress (1): 21/31 kBProgress (1): 24/31 kBProgress (1): 27/31 kBProgress (1): 30/31 kBProgress (1): 31 kB                      Downloaded from central: https://repo.maven.apache.org/maven2/org/apache/maven/plugins/maven-source-plugin/3.0.1/maven-source-plugin-3.0.1.jar (31 kB at 86 kB/s)
Downloading from central: https://repo.maven.apache.org/maven2/org/apache/maven/plugins/maven-war-plugin/3.2.2/maven-war-plugin-3.2.2.pom
Progress (1): 2.2/9.7 kBProgress (1): 5.0/9.7 kBProgress (1): 7.8/9.7 kBProgress (1): 9.7 kB                        Downloaded from central: https://repo.maven.apache.org/maven2/org/apache/maven/plugins/maven-war-plugin/3.2.2/maven-war-plugin-3.2.2.pom (9.7 kB at 27 kB/s)
Downloading from central: https://repo.maven.apache.org/maven2/org/apache/maven/plugins/maven-war-plugin/3.2.2/maven-war-plugin-3.2.2.jar
Progress (1): 2.2/91 kBProgress (1): 5.0/91 kBProgress (1): 7.7/91 kBProgress (1): 10/91 kB Progress (1): 13/91 kBProgress (1): 16/91 kBProgress (1): 19/91 kBProgress (1): 21/91 kBProgress (1): 24/91 kBProgress (1): 27/91 kBProgress (1): 30/91 kBProgress (1): 32/91 kBProgress (1): 36/91 kBProgress (1): 40/91 kBProgress (1): 45/91 kBProgress (1): 49/91 kBProgress (1): 53/91 kBProgress (1): 57/91 kBProgress (1): 61/91 kBProgress (1): 65/91 kBProgress (1): 69/91 kBProgress (1): 73/91 kBProgress (1): 77/91 kBProgress (1): 81/91 kBProgress (1): 85/91 kBProgress (1): 90/91 kBProgress (1): 91 kB                      Downloaded from central: https://repo.maven.apache.org/maven2/org/apache/maven/plugins/maven-war-plugin/3.2.2/maven-war-plugin-3.2.2.jar (91 kB at 250 kB/s)
Downloading from central: https://repo.maven.apache.org/maven2/org/codehaus/mojo/build-helper-maven-plugin/3.0.0/build-helper-maven-plugin-3.0.0.pom
Progress (1): 4.1/5.8 kBProgress (1): 5.8 kB                        Downloaded from central: https://repo.maven.apache.org/maven2/org/codehaus/mojo/build-helper-maven-plugin/3.0.0/build-helper-maven-plugin-3.0.0.pom (5.8 kB at 15 kB/s)
Downloading from central: https://repo.maven.apache.org/maven2/org/codehaus/mojo/mojo-parent/40/mojo-parent-40.pom
Progress (1): 2.2/34 kBProgress (1): 5.0/34 kBProgress (1): 7.8/34 kBProgress (1): 11/34 kB Progress (1): 13/34 kBProgress (1): 16/34 kBProgress (1): 19/34 kBProgress (1): 21/34 kBProgress (1): 24/34 kBProgress (1): 27/34 kBProgress (1): 30/34 kBProgress (1): 32/34 kBProgress (1): 34 kB                      Downloaded from central: https://repo.maven.apache.org/maven2/org/codehaus/mojo/mojo-parent/40/mojo-parent-40.pom (34 kB at 92 kB/s)
Downloading from central: https://repo.maven.apache.org/maven2/org/codehaus/mojo/build-helper-maven-plugin/3.0.0/build-helper-maven-plugin-3.0.0.jar
Progress (1): 2.2/64 kBProgress (1): 5.0/64 kBProgress (1): 7.7/64 kBProgress (1): 10/64 kB Progress (1): 13/64 kBProgress (1): 16/64 kBProgress (1): 19/64 kBProgress (1): 21/64 kBProgress (1): 24/64 kBProgress (1): 27/64 kBProgress (1): 30/64 kBProgress (1): 32/64 kBProgress (1): 36/64 kBProgress (1): 40/64 kBProgress (1): 45/64 kBProgress (1): 49/64 kBProgress (1): 53/64 kBProgress (1): 57/64 kBProgress (1): 61/64 kBProgress (1): 64 kB                      Downloaded from central: https://repo.maven.apache.org/maven2/org/codehaus/mojo/build-helper-maven-plugin/3.0.0/build-helper-maven-plugin-3.0.0.jar (64 kB at 179 kB/s)
Downloading from central: https://repo.maven.apache.org/maven2/org/codehaus/mojo/exec-maven-plugin/1.6.0/exec-maven-plugin-1.6.0.pom
Progress (1): 4.1/13 kBProgress (1): 8.2/13 kBProgress (1): 12/13 kB Progress (1): 13 kB                      Downloaded from central: https://repo.maven.apache.org/maven2/org/codehaus/mojo/exec-maven-plugin/1.6.0/exec-maven-plugin-1.6.0.pom (13 kB at 36 kB/s)
Downloading from central: https://repo.maven.apache.org/maven2/org/codehaus/mojo/exec-maven-plugin/1.6.0/exec-maven-plugin-1.6.0.jar
Progress (1): 4.1/58 kBProgress (1): 7.7/58 kBProgress (1): 12/58 kB Progress (1): 16/58 kBProgress (1): 20/58 kBProgress (1): 24/58 kBProgress (1): 28/58 kBProgress (1): 32/58 kBProgress (1): 36/58 kBProgress (1): 40/58 kBProgress (1): 45/58 kBProgress (1): 49/58 kBProgress (1): 53/58 kBProgress (1): 57/58 kBProgress (1): 58 kB                      Downloaded from central: https://repo.maven.apache.org/maven2/org/codehaus/mojo/exec-maven-plugin/1.6.0/exec-maven-plugin-1.6.0.jar (58 kB at 162 kB/s)
Downloading from central: https://repo.maven.apache.org/maven2/org/codehaus/mojo/versions-maven-plugin/2.7/versions-maven-plugin-2.7.pom
Progress (1): 4.1/17 kBProgress (1): 7.7/17 kBProgress (1): 12/17 kB Progress (1): 16/17 kBProgress (1): 17 kB                      Downloaded from central: https://repo.maven.apache.org/maven2/org/codehaus/mojo/versions-maven-plugin/2.7/versions-maven-plugin-2.7.pom (17 kB at 47 kB/s)
Downloading from central: https://repo.maven.apache.org/maven2/org/codehaus/mojo/versions-maven-plugin/2.7/versions-maven-plugin-2.7.jar
Progress (1): 4.1/310 kBProgress (1): 7.7/310 kBProgress (1): 12/310 kB Progress (1): 16/310 kBProgress (1): 20/310 kBProgress (1): 24/310 kBProgress (1): 28/310 kBProgress (1): 32/310 kBProgress (1): 36/310 kBProgress (1): 40/310 kBProgress (1): 45/310 kBProgress (1): 49/310 kBProgress (1): 53/310 kBProgress (1): 57/310 kBProgress (1): 61/310 kBProgress (1): 65/310 kBProgress (1): 69/310 kBProgress (1): 73/310 kBProgress (1): 77/310 kBProgress (1): 81/310 kBProgress (1): 85/310 kBProgress (1): 90/310 kBProgress (1): 94/310 kBProgress (1): 98/310 kBProgress (1): 102/310 kBProgress (1): 106/310 kBProgress (1): 110/310 kBProgress (1): 114/310 kBProgress (1): 118/310 kBProgress (1): 122/310 kBProgress (1): 126/310 kBProgress (1): 131/310 kBProgress (1): 135/310 kBProgress (1): 139/310 kBProgress (1): 143/310 kBProgress (1): 147/310 kBProgress (1): 151/310 kBProgress (1): 155/310 kBProgress (1): 159/310 kBProgress (1): 163/310 kBProgress (1): 167/310 kBProgress (1): 171/310 kBProgress (1): 176/310 kBProgress (1): 180/310 kBProgress (1): 184/310 kBProgress (1): 188/310 kBProgress (1): 192/310 kBProgress (1): 196/310 kBProgress (1): 200/310 kBProgress (1): 204/310 kBProgress (1): 208/310 kBProgress (1): 212/310 kBProgress (1): 217/310 kBProgress (1): 221/310 kBProgress (1): 225/310 kBProgress (1): 229/310 kBProgress (1): 233/310 kBProgress (1): 237/310 kBProgress (1): 241/310 kBProgress (1): 245/310 kBProgress (1): 249/310 kBProgress (1): 253/310 kBProgress (1): 258/310 kBProgress (1): 262/310 kBProgress (1): 266/310 kBProgress (1): 270/310 kBProgress (1): 274/310 kBProgress (1): 278/310 kBProgress (1): 282/310 kBProgress (1): 286/310 kBProgress (1): 290/310 kBProgress (1): 294/310 kBProgress (1): 298/310 kBProgress (1): 303/310 kBProgress (1): 307/310 kBProgress (1): 310 kB                        Downloaded from central: https://repo.maven.apache.org/maven2/org/codehaus/mojo/versions-maven-plugin/2.7/versions-maven-plugin-2.7.jar (310 kB at 440 kB/s)
Downloading from central: https://repo.maven.apache.org/maven2/org/codehaus/mojo/xml-maven-plugin/1.0.2/xml-maven-plugin-1.0.2.pom
Progress (1): 2.2/8.6 kBProgress (1): 4.5/8.6 kBProgress (1): 7.2/8.6 kBProgress (1): 8.6 kB                        Downloaded from central: https://repo.maven.apache.org/maven2/org/codehaus/mojo/xml-maven-plugin/1.0.2/xml-maven-plugin-1.0.2.pom (8.6 kB at 24 kB/s)
Downloading from central: https://repo.maven.apache.org/maven2/org/codehaus/mojo/xml-maven-plugin/1.0.2/xml-maven-plugin-1.0.2.jar
Progress (1): 2.2/64 kBProgress (1): 5.0/64 kBProgress (1): 7.7/64 kBProgress (1): 10/64 kB Progress (1): 13/64 kBProgress (1): 16/64 kBProgress (1): 19/64 kBProgress (1): 21/64 kBProgress (1): 24/64 kBProgress (1): 27/64 kBProgress (1): 30/64 kBProgress (1): 32/64 kBProgress (1): 36/64 kBProgress (1): 40/64 kBProgress (1): 45/64 kBProgress (1): 49/64 kBProgress (1): 53/64 kBProgress (1): 57/64 kBProgress (1): 61/64 kBProgress (1): 64 kB                      Downloaded from central: https://repo.maven.apache.org/maven2/org/codehaus/mojo/xml-maven-plugin/1.0.2/xml-maven-plugin-1.0.2.jar (64 kB at 177 kB/s)
Downloading from central: https://repo.maven.apache.org/maven2/org/codehaus/mojo/flatten-maven-plugin/1.0.1/flatten-maven-plugin-1.0.1.pom
Progress (1): 4.1/9.8 kBProgress (1): 7.7/9.8 kBProgress (1): 9.8 kB                        Downloaded from central: https://repo.maven.apache.org/maven2/org/codehaus/mojo/flatten-maven-plugin/1.0.1/flatten-maven-plugin-1.0.1.pom (9.8 kB at 27 kB/s)
Downloading from central: https://repo.maven.apache.org/maven2/org/codehaus/mojo/flatten-maven-plugin/1.0.1/flatten-maven-plugin-1.0.1.jar
Progress (1): 4.1/75 kBProgress (1): 7.7/75 kBProgress (1): 12/75 kB Progress (1): 16/75 kBProgress (1): 20/75 kBProgress (1): 24/75 kBProgress (1): 28/75 kBProgress (1): 32/75 kBProgress (1): 36/75 kBProgress (1): 40/75 kBProgress (1): 45/75 kBProgress (1): 49/75 kBProgress (1): 53/75 kBProgress (1): 57/75 kBProgress (1): 61/75 kBProgress (1): 65/75 kBProgress (1): 69/75 kBProgress (1): 73/75 kBProgress (1): 75 kB                      Downloaded from central: https://repo.maven.apache.org/maven2/org/codehaus/mojo/flatten-maven-plugin/1.0.1/flatten-maven-plugin-1.0.1.jar (75 kB at 202 kB/s)
Downloading from central: https://repo.maven.apache.org/maven2/org/flywaydb/flyway-maven-plugin/5.2.4/flyway-maven-plugin-5.2.4.pom
Progress (1): 4.1/4.5 kBProgress (1): 4.5 kB                        Downloaded from central: https://repo.maven.apache.org/maven2/org/flywaydb/flyway-maven-plugin/5.2.4/flyway-maven-plugin-5.2.4.pom (4.5 kB at 13 kB/s)
Downloading from central: https://repo.maven.apache.org/maven2/org/flywaydb/flyway-parent/5.2.4/flyway-parent-5.2.4.pom
Progress (1): 2.2/22 kBProgress (1): 5.0/22 kBProgress (1): 7.8/22 kBProgress (1): 11/22 kB Progress (1): 13/22 kBProgress (1): 16/22 kBProgress (1): 19/22 kBProgress (1): 21/22 kBProgress (1): 22 kB                      Downloaded from central: https://repo.maven.apache.org/maven2/org/flywaydb/flyway-parent/5.2.4/flyway-parent-5.2.4.pom (22 kB at 63 kB/s)
Downloading from central: https://repo.maven.apache.org/maven2/org/flywaydb/flyway-maven-plugin/5.2.4/flyway-maven-plugin-5.2.4.jar
Progress (1): 2.2/101 kBProgress (1): 5.0/101 kBProgress (1): 7.7/101 kBProgress (1): 10/101 kB Progress (1): 13/101 kBProgress (1): 16/101 kBProgress (1): 19/101 kBProgress (1): 21/101 kBProgress (1): 24/101 kBProgress (1): 27/101 kBProgress (1): 30/101 kBProgress (1): 32/101 kBProgress (1): 36/101 kBProgress (1): 40/101 kBProgress (1): 45/101 kBProgress (1): 49/101 kBProgress (1): 53/101 kBProgress (1): 57/101 kBProgress (1): 61/101 kBProgress (1): 65/101 kBProgress (1): 69/101 kBProgress (1): 73/101 kBProgress (1): 77/101 kBProgress (1): 81/101 kBProgress (1): 85/101 kBProgress (1): 90/101 kBProgress (1): 94/101 kBProgress (1): 98/101 kBProgress (1): 101 kB                       Downloaded from central: https://repo.maven.apache.org/maven2/org/flywaydb/flyway-maven-plugin/5.2.4/flyway-maven-plugin-5.2.4.jar (101 kB at 273 kB/s)
Downloading from central: https://repo.maven.apache.org/maven2/org/infinispan/infinispan-protocol-parser-generator-maven-plugin/9.4.6.Final/infinispan-protocol-parser-generator-maven-plugin-9.4.6.Final.pom
Progress (1): 2.0 kB                    Downloaded from central: https://repo.maven.apache.org/maven2/org/infinispan/infinispan-protocol-parser-generator-maven-plugin/9.4.6.Final/infinispan-protocol-parser-generator-maven-plugin-9.4.6.Final.pom (2.0 kB at 5.6 kB/s)
Downloading from central: https://repo.maven.apache.org/maven2/org/infinispan/infinispan-parent/9.4.6.Final/infinispan-parent-9.4.6.Final.pom
Progress (1): 2.2/296 kBProgress (1): 5.0/296 kBProgress (1): 7.8/296 kBProgress (1): 11/296 kB Progress (1): 13/296 kBProgress (1): 16/296 kBProgress (1): 19/296 kBProgress (1): 21/296 kBProgress (1): 24/296 kBProgress (1): 27/296 kBProgress (1): 30/296 kBProgress (1): 32/296 kBProgress (1): 36/296 kBProgress (1): 40/296 kBProgress (1): 45/296 kBProgress (1): 49/296 kBProgress (1): 53/296 kBProgress (1): 57/296 kBProgress (1): 61/296 kBProgress (1): 65/296 kBProgress (1): 69/296 kBProgress (1): 73/296 kBProgress (1): 77/296 kBProgress (1): 81/296 kBProgress (1): 85/296 kBProgress (1): 90/296 kBProgress (1): 94/296 kBProgress (1): 98/296 kBProgress (1): 102/296 kBProgress (1): 106/296 kBProgress (1): 110/296 kBProgress (1): 114/296 kBProgress (1): 118/296 kBProgress (1): 122/296 kBProgress (1): 126/296 kBProgress (1): 131/296 kBProgress (1): 135/296 kBProgress (1): 139/296 kBProgress (1): 143/296 kBProgress (1): 147/296 kBProgress (1): 151/296 kBProgress (1): 155/296 kBProgress (1): 159/296 kBProgress (1): 163/296 kBProgress (1): 167/296 kBProgress (1): 172/296 kBProgress (1): 176/296 kBProgress (1): 180/296 kBProgress (1): 184/296 kBProgress (1): 188/296 kBProgress (1): 192/296 kBProgress (1): 196/296 kBProgress (1): 200/296 kBProgress (1): 204/296 kBProgress (1): 208/296 kBProgress (1): 212/296 kBProgress (1): 217/296 kBProgress (1): 221/296 kBProgress (1): 225/296 kBProgress (1): 229/296 kBProgress (1): 233/296 kBProgress (1): 237/296 kBProgress (1): 241/296 kBProgress (1): 245/296 kBProgress (1): 249/296 kBProgress (1): 253/296 kBProgress (1): 258/296 kBProgress (1): 262/296 kBProgress (1): 266/296 kBProgress (1): 270/296 kBProgress (1): 274/296 kBProgress (1): 278/296 kBProgress (1): 282/296 kBProgress (1): 286/296 kBProgress (1): 290/296 kBProgress (1): 294/296 kBProgress (1): 296 kB                        Downloaded from central: https://repo.maven.apache.org/maven2/org/infinispan/infinispan-parent/9.4.6.Final/infinispan-parent-9.4.6.Final.pom (296 kB at 421 kB/s)
Downloading from central: https://repo.maven.apache.org/maven2/org/infinispan/infinispan-build-configuration-parent/9.4.6.Final/infinispan-build-configuration-parent-9.4.6.Final.pom
Progress (1): 4.1/15 kBProgress (1): 7.7/15 kBProgress (1): 12/15 kB Progress (1): 15 kB                      Downloaded from central: https://repo.maven.apache.org/maven2/org/infinispan/infinispan-build-configuration-parent/9.4.6.Final/infinispan-build-configuration-parent-9.4.6.Final.pom (15 kB at 43 kB/s)
Downloading from central: https://repo.maven.apache.org/maven2/org/infinispan/infinispan-bom/9.4.6.Final/infinispan-bom-9.4.6.Final.pom
Progress (1): 4.1/23 kBProgress (1): 7.7/23 kBProgress (1): 12/23 kB Progress (1): 16/23 kBProgress (1): 20/23 kBProgress (1): 23 kB                      Downloaded from central: https://repo.maven.apache.org/maven2/org/infinispan/infinispan-bom/9.4.6.Final/infinispan-bom-9.4.6.Final.pom (23 kB at 66 kB/s)
Downloading from central: https://repo.maven.apache.org/maven2/org/infinispan/infinispan-protocol-parser-generator-maven-plugin/9.4.6.Final/infinispan-protocol-parser-generator-maven-plugin-9.4.6.Final.jar
Progress (1): 4.1/52 kBProgress (1): 7.7/52 kBProgress (1): 12/52 kB Progress (1): 16/52 kBProgress (1): 20/52 kBProgress (1): 24/52 kBProgress (1): 28/52 kBProgress (1): 32/52 kBProgress (1): 36/52 kBProgress (1): 40/52 kBProgress (1): 45/52 kBProgress (1): 49/52 kBProgress (1): 52 kB                      Downloaded from central: https://repo.maven.apache.org/maven2/org/infinispan/infinispan-protocol-parser-generator-maven-plugin/9.4.6.Final/infinispan-protocol-parser-generator-maven-plugin-9.4.6.Final.jar (52 kB at 146 kB/s)
Downloading from central: https://repo.maven.apache.org/maven2/pl/project13/maven/git-commit-id-plugin/2.2.6/git-commit-id-plugin-2.2.6.pom
Progress (1): 2.8/16 kBProgress (1): 5.5/16 kBProgress (1): 8.3/16 kBProgress (1): 11/16 kB Progress (1): 14/16 kBProgress (1): 16/16 kBProgress (1): 16 kB                      Downloaded from central: https://repo.maven.apache.org/maven2/pl/project13/maven/git-commit-id-plugin/2.2.6/git-commit-id-plugin-2.2.6.pom (16 kB at 46 kB/s)
Downloading from central: https://repo.maven.apache.org/maven2/pl/project13/maven/git-commit-id-plugin/2.2.6/git-commit-id-plugin-2.2.6.jar
Progress (1): 2.8/109 kBProgress (1): 5.5/109 kBProgress (1): 8.3/109 kBProgress (1): 11/109 kB Progress (1): 14/109 kBProgress (1): 16/109 kBProgress (1): 19/109 kBProgress (1): 22/109 kBProgress (1): 25/109 kBProgress (1): 27/109 kBProgress (1): 30/109 kBProgress (1): 33/109 kBProgress (1): 37/109 kBProgress (1): 41/109 kBProgress (1): 45/109 kBProgress (1): 49/109 kBProgress (1): 53/109 kBProgress (1): 57/109 kBProgress (1): 61/109 kBProgress (1): 64/109 kBProgress (1): 68/109 kBProgress (1): 72/109 kBProgress (1): 76/109 kBProgress (1): 80/109 kBProgress (1): 84/109 kBProgress (1): 88/109 kBProgress (1): 92/109 kBProgress (1): 97/109 kBProgress (1): 101/109 kBProgress (1): 105/109 kBProgress (1): 109 kB                        Downloaded from central: https://repo.maven.apache.org/maven2/pl/project13/maven/git-commit-id-plugin/2.2.6/git-commit-id-plugin-2.2.6.jar (109 kB at 297 kB/s)
Downloading from central: https://repo.maven.apache.org/maven2/org/eclipse/m2e/lifecycle-mapping/1.0.0/lifecycle-mapping-1.0.0.pom
[WARNING] The POM for org.eclipse.m2e:lifecycle-mapping:jar:1.0.0 is missing, no dependency information available
Downloading from central: https://repo.maven.apache.org/maven2/org/eclipse/m2e/lifecycle-mapping/1.0.0/lifecycle-mapping-1.0.0.jar
[WARNING] Failed to retrieve plugin descriptor for org.eclipse.m2e:lifecycle-mapping:1.0.0: Plugin org.eclipse.m2e:lifecycle-mapping:1.0.0 or one of its dependencies could not be resolved: Could not find artifact org.eclipse.m2e:lifecycle-mapping:jar:1.0.0 in central (https://repo.maven.apache.org/maven2)
Downloading from central: https://repo.maven.apache.org/maven2/org/codehaus/mojo/maven-metadata.xml
Downloading from central: https://repo.maven.apache.org/maven2/org/apache/maven/plugins/maven-metadata.xml
Progress (1): 2.8/14 kBProgress (1): 5.5/14 kBProgress (2): 5.5/14 kB | 2.2/20 kBProgress (2): 5.5/14 kB | 5.0/20 kBProgress (2): 5.5/14 kB | 7.8/20 kBProgress (2): 8.3/14 kB | 7.8/20 kBProgress (2): 11/14 kB | 7.8/20 kB Progress (2): 14 kB | 7.8/20 kB   Progress (2): 14 kB | 11/20 kB Progress (2): 14 kB | 13/20 kBProgress (2): 14 kB | 16/20 kBProgress (2): 14 kB | 19/20 kBProgress (2): 14 kB | 20 kB                              Downloaded from central: https://repo.maven.apache.org/maven2/org/apache/maven/plugins/maven-metadata.xml (14 kB at 13 kB/s)
Downloaded from central: https://repo.maven.apache.org/maven2/org/codehaus/mojo/maven-metadata.xml (20 kB at 20 kB/s)
[INFO] ------------------------------------------------------------------------
[INFO] BUILD FAILURE
[INFO] ------------------------------------------------------------------------
[INFO] Total time:  36.259 s
[INFO] Finished at: 2019-06-07T20:22:24+09:00
[INFO] ------------------------------------------------------------------------
[ERROR] No plugin found for prefix 'sprig-boot' in the current project and in the plugin groups [org.apache.maven.plugins, org.codehaus.mojo] available from the repositories [local (/root/.m2/repository), central (https://repo.maven.apache.org/maven2)] -> [Help 1]
[ERROR] 
[ERROR] To see the full stack trace of the errors, re-run Maven with the -e switch.
[ERROR] Re-run Maven using the -X switch to enable full debug logging.
[ERROR] 
[ERROR] For more information about the errors and possible solutions, please read the following articles:
[ERROR] [Help 1] http://cwiki.apache.org/confluence/display/MAVEN/NoPluginFoundForPrefixException
[INFO] Scanning for projects...
[INFO] 
[INFO] --------------------------< com.example:demo >--------------------------
[INFO] Building demo 0.0.1-SNAPSHOT
[INFO] --------------------------------[ jar ]---------------------------------
[INFO] 
[INFO] >>> spring-boot-maven-plugin:2.1.3.RELEASE:run (default-cli) > test-compile @ demo >>>
[INFO] 
[INFO] --- maven-resources-plugin:3.1.0:resources (default-resources) @ demo ---
[INFO] Using 'UTF-8' encoding to copy filtered resources.
[INFO] Copying 1 resource
[INFO] Copying 272 resources
[INFO] 
[INFO] --- maven-compiler-plugin:3.8.0:compile (default-compile) @ demo ---
[INFO] Nothing to compile - all classes are up to date
[INFO] 
[INFO] --- maven-resources-plugin:3.1.0:testResources (default-testResources) @ demo ---
[INFO] Using 'UTF-8' encoding to copy filtered resources.
[INFO] skip non existing resourceDirectory /home/server/WebApp/test/duce/src/test/resources
[INFO] 
[INFO] --- maven-compiler-plugin:3.8.0:testCompile (default-testCompile) @ demo ---
[INFO] No sources to compile
[INFO] 
[INFO] <<< spring-boot-maven-plugin:2.1.3.RELEASE:run (default-cli) < test-compile @ demo <<<
[INFO] 
[INFO] 
[INFO] --- spring-boot-maven-plugin:2.1.3.RELEASE:run (default-cli) @ demo ---

  .   ____          _            __ _ _
 /\\ / ___'_ __ _ _(_)_ __  __ _ \ \ \ \
( ( )\___ | '_ | '_| | '_ \/ _` | \ \ \ \
 \\/  ___)| |_)| | | | | || (_| |  ) ) ) )
  '  |____| .__|_| |_|_| |_\__, | / / / /
 =========|_|==============|___/=/_/_/_/
 :: Spring Boot ::        (v2.1.3.RELEASE)

2019-06-07 20:24:54.398  INFO 4788 --- [           main] k.a.d.SpringBootJpaSecurityApplication   : Starting SpringBootJpaSecurityApplication on Webproject1 with PID 4788 (/home/server/WebApp/test/duce/target/classes started by root in /home/server/WebApp/test/duce)
2019-06-07 20:24:54.405  INFO 4788 --- [           main] k.a.d.SpringBootJpaSecurityApplication   : The following profiles are active: live
2019-06-07 20:24:55.888  INFO 4788 --- [           main] .s.d.r.c.RepositoryConfigurationDelegate : Bootstrapping Spring Data repositories in DEFAULT mode.
2019-06-07 20:24:55.940  INFO 4788 --- [           main] .s.d.r.c.RepositoryConfigurationDelegate : Finished Spring Data repository scanning in 36ms. Found 0 repository interfaces.
2019-06-07 20:24:56.769  INFO 4788 --- [           main] trationDelegate$BeanPostProcessorChecker : Bean 'org.springframework.transaction.annotation.ProxyTransactionManagementConfiguration' of type [org.springframework.transaction.annotation.ProxyTransactionManagementConfiguration$$EnhancerBySpringCGLIB$$5ceb047b] is not eligible for getting processed by all BeanPostProcessors (for example: not eligible for auto-proxying)
2019-06-07 20:24:57.378  INFO 4788 --- [           main] o.s.b.w.embedded.tomcat.TomcatWebServer  : Tomcat initialized with port(s): 8080 (http)
2019-06-07 20:24:57.453  INFO 4788 --- [           main] o.apache.catalina.core.StandardService   : Starting service [Tomcat]
2019-06-07 20:24:57.453  INFO 4788 --- [           main] org.apache.catalina.core.StandardEngine  : Starting Servlet engine: [Apache Tomcat/9.0.16]
2019-06-07 20:24:57.466  INFO 4788 --- [           main] o.a.catalina.core.AprLifecycleListener   : The APR based Apache Tomcat Native library which allows optimal performance in production environments was not found on the java.library.path: [/usr/java/packages/lib:/usr/lib64:/lib64:/lib:/usr/lib]
2019-06-07 20:24:57.876  INFO 4788 --- [           main] org.apache.jasper.servlet.TldScanner     : At least one JAR was scanned for TLDs yet contained no TLDs. Enable debug logging for this logger for a complete list of JARs that were scanned but no TLDs were found in them. Skipping unneeded JARs during scanning can improve startup time and JSP compilation time.
2019-06-07 20:24:57.891  INFO 4788 --- [           main] o.a.c.c.C.[Tomcat].[localhost].[/]       : Initializing Spring embedded WebApplicationContext
2019-06-07 20:24:57.891  INFO 4788 --- [           main] o.s.web.context.ContextLoader            : Root WebApplicationContext: initialization completed in 3405 ms
2019-06-07 20:24:58.135  INFO 4788 --- [           main] com.zaxxer.hikari.HikariDataSource       : HikariPool-1 - Starting...
2019-06-07 20:24:58.361  INFO 4788 --- [           main] com.zaxxer.hikari.HikariDataSource       : HikariPool-1 - Start completed.
2019-06-07 20:24:58.447  INFO 4788 --- [           main] o.hibernate.jpa.internal.util.LogHelper  : HHH000204: Processing PersistenceUnitInfo [
	name: default
	...]
2019-06-07 20:24:58.595  INFO 4788 --- [           main] org.hibernate.Version                    : HHH000412: Hibernate Core {5.3.7.Final}
2019-06-07 20:24:58.596  INFO 4788 --- [           main] org.hibernate.cfg.Environment            : HHH000206: hibernate.properties not found
2019-06-07 20:24:58.791  INFO 4788 --- [           main] o.hibernate.annotations.common.Version   : HCANN000001: Hibernate Commons Annotations {5.0.4.Final}
2019-06-07 20:24:59.023  INFO 4788 --- [           main] org.hibernate.dialect.Dialect            : HHH000400: Using dialect: org.hibernate.dialect.MySQL5Dialect
2019-06-07 20:24:59.330  INFO 4788 --- [           main] j.LocalContainerEntityManagerFactoryBean : Initialized JPA EntityManagerFactory for persistence unit 'default'
WARNING: An illegal reflective access operation has occurred
WARNING: Illegal reflective access by org.apache.ibatis.reflection.Reflector (file:/root/.m2/repository/org/mybatis/mybatis/3.4.2/mybatis-3.4.2.jar) to method java.lang.Object.finalize()
WARNING: Please consider reporting this to the maintainers of org.apache.ibatis.reflection.Reflector
WARNING: Use --illegal-access=warn to enable warnings of further illegal reflective access operations
WARNING: All illegal access operations will be denied in a future release
2019-06-07 20:25:00.131  INFO 4788 --- [           main] o.s.s.web.DefaultSecurityFilterChain     : Creating filter chain: any request, [org.springframework.security.web.context.request.async.WebAsyncManagerIntegrationFilter@1da28dc3, org.springframework.security.web.context.SecurityContextPersistenceFilter@25bd37bb, org.springframework.security.web.header.HeaderWriterFilter@5a200170, org.springframework.security.web.authentication.logout.LogoutFilter@544b9055, org.springframework.security.web.authentication.UsernamePasswordAuthenticationFilter@7548be34, org.springframework.security.web.savedrequest.RequestCacheAwareFilter@495c9107, org.springframework.security.web.servletapi.SecurityContextHolderAwareRequestFilter@62a30a09, org.springframework.security.web.authentication.AnonymousAuthenticationFilter@4d9aed71, org.springframework.security.web.session.SessionManagementFilter@568e612c, org.springframework.security.web.access.ExceptionTranslationFilter@7f1af559, org.springframework.security.web.access.intercept.FilterSecurityInterceptor@2c6b504a]
2019-06-07 20:25:00.397  INFO 4788 --- [           main] o.s.s.concurrent.ThreadPoolTaskExecutor  : Initializing ExecutorService 'applicationTaskExecutor'
2019-06-07 20:25:00.466  WARN 4788 --- [           main] aWebConfiguration$JpaWebMvcConfiguration : spring.jpa.open-in-view is enabled by default. Therefore, database queries may be performed during view rendering. Explicitly configure spring.jpa.open-in-view to disable this warning
file:/home/server/WebApp/test/duce/src/main/resources
2019-06-07 20:25:00.639  INFO 4788 --- [           main] o.s.b.a.w.s.WelcomePageHandlerMapping    : Adding welcome page template: index
2019-06-07 20:25:00.961  INFO 4788 --- [           main] o.s.b.w.embedded.tomcat.TomcatWebServer  : Tomcat started on port(s): 8080 (http) with context path ''
2019-06-07 20:25:00.969  INFO 4788 --- [           main] k.a.d.SpringBootJpaSecurityApplication   : Started SpringBootJpaSecurityApplication in 7.466 seconds (JVM running for 12.809)
2019-06-07 20:25:05.326  INFO 4788 --- [nio-8080-exec-1] o.a.c.c.C.[Tomcat].[localhost].[/]       : Initializing Spring DispatcherServlet 'dispatcherServlet'
2019-06-07 20:25:05.329  INFO 4788 --- [nio-8080-exec-1] o.s.web.servlet.DispatcherServlet        : Initializing Servlet 'dispatcherServlet'
2019-06-07 20:25:05.340  INFO 4788 --- [nio-8080-exec-1] o.s.web.servlet.DispatcherServlet        : Completed initialization in 11 ms
2019-06-07 20:47:39.055  INFO 4788 --- [       Thread-3] o.s.s.concurrent.ThreadPoolTaskExecutor  : Shutting down ExecutorService 'applicationTaskExecutor'
2019-06-07 20:47:39.063  INFO 4788 --- [       Thread-3] j.LocalContainerEntityManagerFactoryBean : Closing JPA EntityManagerFactory for persistence unit 'default'
2019-06-07 20:47:39.066  INFO 4788 --- [       Thread-3] com.zaxxer.hikari.HikariDataSource       : HikariPool-1 - Shutdown initiated...
2019-06-07 20:47:39.071  INFO 4788 --- [       Thread-3] com.zaxxer.hikari.HikariDataSource       : HikariPool-1 - Shutdown completed.
[INFO] ------------------------------------------------------------------------
[INFO] BUILD SUCCESS
[INFO] ------------------------------------------------------------------------
[INFO] Total time:  22:51 min
[INFO] Finished at: 2019-06-07T20:47:41+09:00
[INFO] ------------------------------------------------------------------------
[INFO] Scanning for projects...
[INFO] 
[INFO] --------------------------< com.example:demo >--------------------------
[INFO] Building demo 0.0.1-SNAPSHOT
[INFO] --------------------------------[ jar ]---------------------------------
[INFO] 
[INFO] >>> spring-boot-maven-plugin:2.1.3.RELEASE:run (default-cli) > test-compile @ demo >>>
[INFO] 
[INFO] --- maven-resources-plugin:3.1.0:resources (default-resources) @ demo ---
[INFO] Using 'UTF-8' encoding to copy filtered resources.
[INFO] Copying 1 resource
[INFO] Copying 272 resources
[INFO] 
[INFO] --- maven-compiler-plugin:3.8.0:compile (default-compile) @ demo ---
[INFO] Changes detected - recompiling the module!
[INFO] Compiling 72 source files to /home/server/WebApp/test/duce/target/classes
[INFO] /home/server/WebApp/test/duce/src/main/java/kr/ac/duce/service/impl/IntroSettingServiceImpl.java: Some input files use unchecked or unsafe operations.
[INFO] /home/server/WebApp/test/duce/src/main/java/kr/ac/duce/service/impl/IntroSettingServiceImpl.java: Recompile with -Xlint:unchecked for details.
[INFO] 
[INFO] --- maven-resources-plugin:3.1.0:testResources (default-testResources) @ demo ---
[INFO] Using 'UTF-8' encoding to copy filtered resources.
[INFO] skip non existing resourceDirectory /home/server/WebApp/test/duce/src/test/resources
[INFO] 
[INFO] --- maven-compiler-plugin:3.8.0:testCompile (default-testCompile) @ demo ---
[INFO] No sources to compile
[INFO] 
[INFO] <<< spring-boot-maven-plugin:2.1.3.RELEASE:run (default-cli) < test-compile @ demo <<<
[INFO] 
[INFO] 
[INFO] --- spring-boot-maven-plugin:2.1.3.RELEASE:run (default-cli) @ demo ---

  .   ____          _            __ _ _
 /\\ / ___'_ __ _ _(_)_ __  __ _ \ \ \ \
( ( )\___ | '_ | '_| | '_ \/ _` | \ \ \ \
 \\/  ___)| |_)| | | | | || (_| |  ) ) ) )
  '  |____| .__|_| |_|_| |_\__, | / / / /
 =========|_|==============|___/=/_/_/_/
 :: Spring Boot ::        (v2.1.3.RELEASE)

2019-06-07 20:48:06.319  INFO 4926 --- [           main] k.a.d.SpringBootJpaSecurityApplication   : Starting SpringBootJpaSecurityApplication on Webproject1 with PID 4926 (/home/server/WebApp/test/duce/target/classes started by root in /home/server/WebApp/test/duce)
2019-06-07 20:48:06.326  INFO 4926 --- [           main] k.a.d.SpringBootJpaSecurityApplication   : The following profiles are active: live
2019-06-07 20:48:07.851  INFO 4926 --- [           main] .s.d.r.c.RepositoryConfigurationDelegate : Bootstrapping Spring Data repositories in DEFAULT mode.
2019-06-07 20:48:07.899  INFO 4926 --- [           main] .s.d.r.c.RepositoryConfigurationDelegate : Finished Spring Data repository scanning in 39ms. Found 0 repository interfaces.
2019-06-07 20:48:08.545  INFO 4926 --- [           main] trationDelegate$BeanPostProcessorChecker : Bean 'org.springframework.transaction.annotation.ProxyTransactionManagementConfiguration' of type [org.springframework.transaction.annotation.ProxyTransactionManagementConfiguration$$EnhancerBySpringCGLIB$$79ee59be] is not eligible for getting processed by all BeanPostProcessors (for example: not eligible for auto-proxying)
2019-06-07 20:48:09.134  INFO 4926 --- [           main] o.s.b.w.embedded.tomcat.TomcatWebServer  : Tomcat initialized with port(s): 8080 (http)
2019-06-07 20:48:09.199  INFO 4926 --- [           main] o.apache.catalina.core.StandardService   : Starting service [Tomcat]
2019-06-07 20:48:09.199  INFO 4926 --- [           main] org.apache.catalina.core.StandardEngine  : Starting Servlet engine: [Apache Tomcat/9.0.16]
2019-06-07 20:48:09.221  INFO 4926 --- [           main] o.a.catalina.core.AprLifecycleListener   : The APR based Apache Tomcat Native library which allows optimal performance in production environments was not found on the java.library.path: [/usr/java/packages/lib:/usr/lib64:/lib64:/lib:/usr/lib]
2019-06-07 20:48:09.589  INFO 4926 --- [           main] org.apache.jasper.servlet.TldScanner     : At least one JAR was scanned for TLDs yet contained no TLDs. Enable debug logging for this logger for a complete list of JARs that were scanned but no TLDs were found in them. Skipping unneeded JARs during scanning can improve startup time and JSP compilation time.
2019-06-07 20:48:09.600  INFO 4926 --- [           main] o.a.c.c.C.[Tomcat].[localhost].[/]       : Initializing Spring embedded WebApplicationContext
2019-06-07 20:48:09.600  INFO 4926 --- [           main] o.s.web.context.ContextLoader            : Root WebApplicationContext: initialization completed in 3191 ms
2019-06-07 20:48:09.857  INFO 4926 --- [           main] com.zaxxer.hikari.HikariDataSource       : HikariPool-1 - Starting...
2019-06-07 20:48:10.061  INFO 4926 --- [           main] com.zaxxer.hikari.HikariDataSource       : HikariPool-1 - Start completed.
2019-06-07 20:48:10.157  INFO 4926 --- [           main] o.hibernate.jpa.internal.util.LogHelper  : HHH000204: Processing PersistenceUnitInfo [
	name: default
	...]
2019-06-07 20:48:10.316  INFO 4926 --- [           main] org.hibernate.Version                    : HHH000412: Hibernate Core {5.3.7.Final}
2019-06-07 20:48:10.324  INFO 4926 --- [           main] org.hibernate.cfg.Environment            : HHH000206: hibernate.properties not found
2019-06-07 20:48:10.512  INFO 4926 --- [           main] o.hibernate.annotations.common.Version   : HCANN000001: Hibernate Commons Annotations {5.0.4.Final}
2019-06-07 20:48:10.741  INFO 4926 --- [           main] org.hibernate.dialect.Dialect            : HHH000400: Using dialect: org.hibernate.dialect.MySQL5Dialect
2019-06-07 20:48:11.048  INFO 4926 --- [           main] j.LocalContainerEntityManagerFactoryBean : Initialized JPA EntityManagerFactory for persistence unit 'default'
2019-06-07 20:48:11.827  INFO 4926 --- [           main] o.s.s.web.DefaultSecurityFilterChain     : Creating filter chain: any request, [org.springframework.security.web.context.request.async.WebAsyncManagerIntegrationFilter@362736a8, org.springframework.security.web.context.SecurityContextPersistenceFilter@17fbf62a, org.springframework.security.web.header.HeaderWriterFilter@660fe88a, org.springframework.security.web.authentication.logout.LogoutFilter@7d3cd410, org.springframework.security.web.authentication.UsernamePasswordAuthenticationFilter@58739c0, org.springframework.security.web.savedrequest.RequestCacheAwareFilter@384b019a, org.springframework.security.web.servletapi.SecurityContextHolderAwareRequestFilter@1b20e6e1, org.springframework.security.web.authentication.AnonymousAuthenticationFilter@5478b973, org.springframework.security.web.session.SessionManagementFilter@17969c8b, org.springframework.security.web.access.ExceptionTranslationFilter@7b2bc3f6, org.springframework.security.web.access.intercept.FilterSecurityInterceptor@54700498]
2019-06-07 20:48:12.070  INFO 4926 --- [           main] o.s.s.concurrent.ThreadPoolTaskExecutor  : Initializing ExecutorService 'applicationTaskExecutor'
2019-06-07 20:48:12.135  WARN 4926 --- [           main] aWebConfiguration$JpaWebMvcConfiguration : spring.jpa.open-in-view is enabled by default. Therefore, database queries may be performed during view rendering. Explicitly configure spring.jpa.open-in-view to disable this warning
file:/home/server/WebApp/test/duce/src/main/resources
2019-06-07 20:48:12.494  INFO 4926 --- [           main] o.s.b.a.w.s.WelcomePageHandlerMapping    : Adding welcome page template: index
2019-06-07 20:48:12.798  INFO 4926 --- [           main] o.s.b.w.embedded.tomcat.TomcatWebServer  : Tomcat started on port(s): 8080 (http) with context path ''
2019-06-07 20:48:12.806  INFO 4926 --- [           main] k.a.d.SpringBootJpaSecurityApplication   : Started SpringBootJpaSecurityApplication in 7.262 seconds (JVM running for 16.096)
2019-06-07 20:48:26.786  INFO 4926 --- [nio-8080-exec-1] o.a.c.c.C.[Tomcat].[localhost].[/]       : Initializing Spring DispatcherServlet 'dispatcherServlet'
2019-06-07 20:48:26.786  INFO 4926 --- [nio-8080-exec-1] o.s.web.servlet.DispatcherServlet        : Initializing Servlet 'dispatcherServlet'
2019-06-07 20:48:26.800  INFO 4926 --- [nio-8080-exec-1] o.s.web.servlet.DispatcherServlet        : Completed initialization in 14 ms
2019-06-07 21:03:23.857  INFO 4926 --- [       Thread-3] o.s.s.concurrent.ThreadPoolTaskExecutor  : Shutting down ExecutorService 'applicationTaskExecutor'
2019-06-07 21:03:23.858  INFO 4926 --- [       Thread-3] j.LocalContainerEntityManagerFactoryBean : Closing JPA EntityManagerFactory for persistence unit 'default'
2019-06-07 21:03:23.862  INFO 4926 --- [       Thread-3] com.zaxxer.hikari.HikariDataSource       : HikariPool-1 - Shutdown initiated...
2019-06-07 21:03:23.875  INFO 4926 --- [       Thread-3] com.zaxxer.hikari.HikariDataSource       : HikariPool-1 - Shutdown completed.
[INFO] ------------------------------------------------------------------------
[INFO] BUILD SUCCESS
[INFO] ------------------------------------------------------------------------
[INFO] Total time:  15:27 min
[INFO] Finished at: 2019-06-07T21:03:25+09:00
[INFO] ------------------------------------------------------------------------
[INFO] Scanning for projects...
[INFO] 
[INFO] --------------------------< com.example:demo >--------------------------
[INFO] Building demo 0.0.1-SNAPSHOT
[INFO] --------------------------------[ jar ]---------------------------------
[INFO] 
[INFO] >>> spring-boot-maven-plugin:2.1.3.RELEASE:run (default-cli) > test-compile @ demo >>>
[INFO] 
[INFO] --- maven-resources-plugin:3.1.0:resources (default-resources) @ demo ---
[INFO] Using 'UTF-8' encoding to copy filtered resources.
[INFO] Copying 1 resource
[INFO] Copying 272 resources
[INFO] 
[INFO] --- maven-compiler-plugin:3.8.0:compile (default-compile) @ demo ---
[INFO] Nothing to compile - all classes are up to date
[INFO] 
[INFO] --- maven-resources-plugin:3.1.0:testResources (default-testResources) @ demo ---
[INFO] Using 'UTF-8' encoding to copy filtered resources.
[INFO] skip non existing resourceDirectory /home/server/WebApp/test/duce/src/test/resources
[INFO] 
[INFO] --- maven-compiler-plugin:3.8.0:testCompile (default-testCompile) @ demo ---
[INFO] No sources to compile
[INFO] 
[INFO] <<< spring-boot-maven-plugin:2.1.3.RELEASE:run (default-cli) < test-compile @ demo <<<
[INFO] 
[INFO] 
[INFO] --- spring-boot-maven-plugin:2.1.3.RELEASE:run (default-cli) @ demo ---

  .   ____          _            __ _ _
 /\\ / ___'_ __ _ _(_)_ __  __ _ \ \ \ \
( ( )\___ | '_ | '_| | '_ \/ _` | \ \ \ \
 \\/  ___)| |_)| | | | | || (_| |  ) ) ) )
  '  |____| .__|_| |_|_| |_\__, | / / / /
 =========|_|==============|___/=/_/_/_/
 :: Spring Boot ::        (v2.1.3.RELEASE)

2019-06-07 21:04:57.789  INFO 5034 --- [           main] k.a.d.SpringBootJpaSecurityApplication   : Starting SpringBootJpaSecurityApplication on Webproject1 with PID 5034 (/home/server/WebApp/test/duce/target/classes started by root in /home/server/WebApp/test/duce)
2019-06-07 21:04:57.798  INFO 5034 --- [           main] k.a.d.SpringBootJpaSecurityApplication   : The following profiles are active: live
2019-06-07 21:04:59.286  INFO 5034 --- [           main] .s.d.r.c.RepositoryConfigurationDelegate : Bootstrapping Spring Data repositories in DEFAULT mode.
2019-06-07 21:04:59.335  INFO 5034 --- [           main] .s.d.r.c.RepositoryConfigurationDelegate : Finished Spring Data repository scanning in 39ms. Found 0 repository interfaces.
2019-06-07 21:05:00.016  INFO 5034 --- [           main] trationDelegate$BeanPostProcessorChecker : Bean 'org.springframework.transaction.annotation.ProxyTransactionManagementConfiguration' of type [org.springframework.transaction.annotation.ProxyTransactionManagementConfiguration$$EnhancerBySpringCGLIB$$422d2e25] is not eligible for getting processed by all BeanPostProcessors (for example: not eligible for auto-proxying)
2019-06-07 21:05:00.770  INFO 5034 --- [           main] o.s.b.w.embedded.tomcat.TomcatWebServer  : Tomcat initialized with port(s): 8080 (http)
2019-06-07 21:05:00.829  INFO 5034 --- [           main] o.apache.catalina.core.StandardService   : Starting service [Tomcat]
2019-06-07 21:05:00.829  INFO 5034 --- [           main] org.apache.catalina.core.StandardEngine  : Starting Servlet engine: [Apache Tomcat/9.0.16]
2019-06-07 21:05:00.851  INFO 5034 --- [           main] o.a.catalina.core.AprLifecycleListener   : The APR based Apache Tomcat Native library which allows optimal performance in production environments was not found on the java.library.path: [/usr/java/packages/lib:/usr/lib64:/lib64:/lib:/usr/lib]
2019-06-07 21:05:01.230  INFO 5034 --- [           main] org.apache.jasper.servlet.TldScanner     : At least one JAR was scanned for TLDs yet contained no TLDs. Enable debug logging for this logger for a complete list of JARs that were scanned but no TLDs were found in them. Skipping unneeded JARs during scanning can improve startup time and JSP compilation time.
2019-06-07 21:05:01.243  INFO 5034 --- [           main] o.a.c.c.C.[Tomcat].[localhost].[/]       : Initializing Spring embedded WebApplicationContext
2019-06-07 21:05:01.243  INFO 5034 --- [           main] o.s.web.context.ContextLoader            : Root WebApplicationContext: initialization completed in 3369 ms
2019-06-07 21:05:01.498  INFO 5034 --- [           main] com.zaxxer.hikari.HikariDataSource       : HikariPool-1 - Starting...
2019-06-07 21:05:01.701  INFO 5034 --- [           main] com.zaxxer.hikari.HikariDataSource       : HikariPool-1 - Start completed.
2019-06-07 21:05:01.803  INFO 5034 --- [           main] o.hibernate.jpa.internal.util.LogHelper  : HHH000204: Processing PersistenceUnitInfo [
	name: default
	...]
2019-06-07 21:05:01.954  INFO 5034 --- [           main] org.hibernate.Version                    : HHH000412: Hibernate Core {5.3.7.Final}
2019-06-07 21:05:01.955  INFO 5034 --- [           main] org.hibernate.cfg.Environment            : HHH000206: hibernate.properties not found
2019-06-07 21:05:02.148  INFO 5034 --- [           main] o.hibernate.annotations.common.Version   : HCANN000001: Hibernate Commons Annotations {5.0.4.Final}
2019-06-07 21:05:02.372  INFO 5034 --- [           main] org.hibernate.dialect.Dialect            : HHH000400: Using dialect: org.hibernate.dialect.MySQL5Dialect
2019-06-07 21:05:02.677  INFO 5034 --- [           main] j.LocalContainerEntityManagerFactoryBean : Initialized JPA EntityManagerFactory for persistence unit 'default'
WARNING: An illegal reflective access operation has occurred
WARNING: Illegal reflective access by org.apache.ibatis.reflection.Reflector (file:/root/.m2/repository/org/mybatis/mybatis/3.4.2/mybatis-3.4.2.jar) to method java.lang.Object.finalize()
WARNING: Please consider reporting this to the maintainers of org.apache.ibatis.reflection.Reflector
WARNING: Use --illegal-access=warn to enable warnings of further illegal reflective access operations
WARNING: All illegal access operations will be denied in a future release
2019-06-07 21:05:03.478  INFO 5034 --- [           main] o.s.s.web.DefaultSecurityFilterChain     : Creating filter chain: any request, [org.springframework.security.web.context.request.async.WebAsyncManagerIntegrationFilter@3c065509, org.springframework.security.web.context.SecurityContextPersistenceFilter@7066ec7d, org.springframework.security.web.header.HeaderWriterFilter@6bb9bd26, org.springframework.security.web.authentication.logout.LogoutFilter@6357b34, org.springframework.security.web.authentication.UsernamePasswordAuthenticationFilter@254a81db, org.springframework.security.web.savedrequest.RequestCacheAwareFilter@7fb61e1d, org.springframework.security.web.servletapi.SecurityContextHolderAwareRequestFilter@6257d716, org.springframework.security.web.authentication.AnonymousAuthenticationFilter@ccdfe95, org.springframework.security.web.session.SessionManagementFilter@26abd98, org.springframework.security.web.access.ExceptionTranslationFilter@2a89a066, org.springframework.security.web.access.intercept.FilterSecurityInterceptor@62d6ddeb]
2019-06-07 21:05:03.755  INFO 5034 --- [           main] o.s.s.concurrent.ThreadPoolTaskExecutor  : Initializing ExecutorService 'applicationTaskExecutor'
2019-06-07 21:05:03.827  WARN 5034 --- [           main] aWebConfiguration$JpaWebMvcConfiguration : spring.jpa.open-in-view is enabled by default. Therefore, database queries may be performed during view rendering. Explicitly configure spring.jpa.open-in-view to disable this warning
file:/home/server/WebApp/test/duce/src/main/resources
2019-06-07 21:05:04.012  INFO 5034 --- [           main] o.s.b.a.w.s.WelcomePageHandlerMapping    : Adding welcome page template: index
2019-06-07 21:05:04.377  INFO 5034 --- [           main] o.s.b.w.embedded.tomcat.TomcatWebServer  : Tomcat started on port(s): 8080 (http) with context path ''
2019-06-07 21:05:04.386  INFO 5034 --- [           main] k.a.d.SpringBootJpaSecurityApplication   : Started SpringBootJpaSecurityApplication in 7.487 seconds (JVM running for 12.537)
2019-06-07 21:05:05.663  INFO 5034 --- [nio-8080-exec-2] o.a.c.c.C.[Tomcat].[localhost].[/]       : Initializing Spring DispatcherServlet 'dispatcherServlet'
2019-06-07 21:05:05.663  INFO 5034 --- [nio-8080-exec-2] o.s.web.servlet.DispatcherServlet        : Initializing Servlet 'dispatcherServlet'
2019-06-07 21:05:05.674  INFO 5034 --- [nio-8080-exec-2] o.s.web.servlet.DispatcherServlet        : Completed initialization in 11 ms
2019-06-07 21:11:13.304  INFO 5034 --- [       Thread-3] o.s.s.concurrent.ThreadPoolTaskExecutor  : Shutting down ExecutorService 'applicationTaskExecutor'
2019-06-07 21:11:13.310  INFO 5034 --- [       Thread-3] j.LocalContainerEntityManagerFactoryBean : Closing JPA EntityManagerFactory for persistence unit 'default'
2019-06-07 21:11:13.311  INFO 5034 --- [       Thread-3] com.zaxxer.hikari.HikariDataSource       : HikariPool-1 - Shutdown initiated...
2019-06-07 21:11:13.317  INFO 5034 --- [       Thread-3] com.zaxxer.hikari.HikariDataSource       : HikariPool-1 - Shutdown completed.
[INFO] Scanning for projects...
[INFO] 
[INFO] --------------------------< com.example:demo >--------------------------
[INFO] Building demo 0.0.1-SNAPSHOT
[INFO] --------------------------------[ jar ]---------------------------------
[INFO] 
[INFO] >>> spring-boot-maven-plugin:2.1.3.RELEASE:run (default-cli) > test-compile @ demo >>>
[INFO] 
[INFO] --- maven-resources-plugin:3.1.0:resources (default-resources) @ demo ---
[INFO] Using 'UTF-8' encoding to copy filtered resources.
[INFO] Copying 1 resource
[INFO] Copying 272 resources
[INFO] 
[INFO] --- maven-compiler-plugin:3.8.0:compile (default-compile) @ demo ---
[INFO] Nothing to compile - all classes are up to date
[INFO] 
[INFO] --- maven-resources-plugin:3.1.0:testResources (default-testResources) @ demo ---
[INFO] Using 'UTF-8' encoding to copy filtered resources.
[INFO] skip non existing resourceDirectory /home/server/WebApp/test/duce/src/test/resources
[INFO] 
[INFO] --- maven-compiler-plugin:3.8.0:testCompile (default-testCompile) @ demo ---
[INFO] No sources to compile
[INFO] 
[INFO] <<< spring-boot-maven-plugin:2.1.3.RELEASE:run (default-cli) < test-compile @ demo <<<
[INFO] 
[INFO] 
[INFO] --- spring-boot-maven-plugin:2.1.3.RELEASE:run (default-cli) @ demo ---

  .   ____          _            __ _ _
 /\\ / ___'_ __ _ _(_)_ __  __ _ \ \ \ \
( ( )\___ | '_ | '_| | '_ \/ _` | \ \ \ \
 \\/  ___)| |_)| | | | | || (_| |  ) ) ) )
  '  |____| .__|_| |_|_| |_\__, | / / / /
 =========|_|==============|___/=/_/_/_/
 :: Spring Boot ::        (v2.1.3.RELEASE)

2019-06-07 21:12:02.149  INFO 5169 --- [           main] k.a.d.SpringBootJpaSecurityApplication   : Starting SpringBootJpaSecurityApplication on Webproject1 with PID 5169 (/home/server/WebApp/test/duce/target/classes started by root in /home/server/WebApp/test/duce)
2019-06-07 21:12:02.161  INFO 5169 --- [           main] k.a.d.SpringBootJpaSecurityApplication   : The following profiles are active: live
2019-06-07 21:12:03.879  INFO 5169 --- [           main] .s.d.r.c.RepositoryConfigurationDelegate : Bootstrapping Spring Data repositories in DEFAULT mode.
2019-06-07 21:12:03.935  INFO 5169 --- [           main] .s.d.r.c.RepositoryConfigurationDelegate : Finished Spring Data repository scanning in 45ms. Found 0 repository interfaces.
2019-06-07 21:12:04.665  INFO 5169 --- [           main] trationDelegate$BeanPostProcessorChecker : Bean 'org.springframework.transaction.annotation.ProxyTransactionManagementConfiguration' of type [org.springframework.transaction.annotation.ProxyTransactionManagementConfiguration$$EnhancerBySpringCGLIB$$36d5b16f] is not eligible for getting processed by all BeanPostProcessors (for example: not eligible for auto-proxying)
2019-06-07 21:12:05.581  INFO 5169 --- [           main] o.s.b.w.embedded.tomcat.TomcatWebServer  : Tomcat initialized with port(s): 8080 (http)
2019-06-07 21:12:05.667  INFO 5169 --- [           main] o.apache.catalina.core.StandardService   : Starting service [Tomcat]
2019-06-07 21:12:05.668  INFO 5169 --- [           main] org.apache.catalina.core.StandardEngine  : Starting Servlet engine: [Apache Tomcat/9.0.16]
2019-06-07 21:12:05.692  INFO 5169 --- [           main] o.a.catalina.core.AprLifecycleListener   : The APR based Apache Tomcat Native library which allows optimal performance in production environments was not found on the java.library.path: [/usr/java/packages/lib:/usr/lib64:/lib64:/lib:/usr/lib]
2019-06-07 21:12:06.186  INFO 5169 --- [           main] org.apache.jasper.servlet.TldScanner     : At least one JAR was scanned for TLDs yet contained no TLDs. Enable debug logging for this logger for a complete list of JARs that were scanned but no TLDs were found in them. Skipping unneeded JARs during scanning can improve startup time and JSP compilation time.
2019-06-07 21:12:06.209  INFO 5169 --- [           main] o.a.c.c.C.[Tomcat].[localhost].[/]       : Initializing Spring embedded WebApplicationContext
2019-06-07 21:12:06.209  INFO 5169 --- [           main] o.s.web.context.ContextLoader            : Root WebApplicationContext: initialization completed in 3952 ms
2019-06-07 21:12:06.513  INFO 5169 --- [           main] com.zaxxer.hikari.HikariDataSource       : HikariPool-1 - Starting...
2019-06-07 21:12:06.817  INFO 5169 --- [           main] com.zaxxer.hikari.HikariDataSource       : HikariPool-1 - Start completed.
2019-06-07 21:12:06.969  INFO 5169 --- [           main] o.hibernate.jpa.internal.util.LogHelper  : HHH000204: Processing PersistenceUnitInfo [
	name: default
	...]
2019-06-07 21:12:07.130  INFO 5169 --- [           main] org.hibernate.Version                    : HHH000412: Hibernate Core {5.3.7.Final}
2019-06-07 21:12:07.141  INFO 5169 --- [           main] org.hibernate.cfg.Environment            : HHH000206: hibernate.properties not found
2019-06-07 21:12:07.435  INFO 5169 --- [           main] o.hibernate.annotations.common.Version   : HCANN000001: Hibernate Commons Annotations {5.0.4.Final}
2019-06-07 21:12:07.956  INFO 5169 --- [           main] org.hibernate.dialect.Dialect            : HHH000400: Using dialect: org.hibernate.dialect.MySQL5Dialect
2019-06-07 21:12:08.275  INFO 5169 --- [           main] j.LocalContainerEntityManagerFactoryBean : Initialized JPA EntityManagerFactory for persistence unit 'default'
WARNING: An illegal reflective access operation has occurred
WARNING: Illegal reflective access by org.apache.ibatis.reflection.Reflector (file:/root/.m2/repository/org/mybatis/mybatis/3.4.2/mybatis-3.4.2.jar) to method java.lang.Object.finalize()
WARNING: Please consider reporting this to the maintainers of org.apache.ibatis.reflection.Reflector
WARNING: Use --illegal-access=warn to enable warnings of further illegal reflective access operations
WARNING: All illegal access operations will be denied in a future release
2019-06-07 21:12:09.384  INFO 5169 --- [           main] o.s.s.web.DefaultSecurityFilterChain     : Creating filter chain: any request, [org.springframework.security.web.context.request.async.WebAsyncManagerIntegrationFilter@6e38d417, org.springframework.security.web.context.SecurityContextPersistenceFilter@53315e17, org.springframework.security.web.header.HeaderWriterFilter@f852630, org.springframework.security.web.authentication.logout.LogoutFilter@32513636, org.springframework.security.web.authentication.UsernamePasswordAuthenticationFilter@3f62ce8f, org.springframework.security.web.savedrequest.RequestCacheAwareFilter@5bb1144d, org.springframework.security.web.servletapi.SecurityContextHolderAwareRequestFilter@31198dfc, org.springframework.security.web.authentication.AnonymousAuthenticationFilter@5b0c3c4, org.springframework.security.web.session.SessionManagementFilter@46578404, org.springframework.security.web.access.ExceptionTranslationFilter@44c762ca, org.springframework.security.web.access.intercept.FilterSecurityInterceptor@c87d244]
2019-06-07 21:12:09.689  INFO 5169 --- [           main] o.s.s.concurrent.ThreadPoolTaskExecutor  : Initializing ExecutorService 'applicationTaskExecutor'
2019-06-07 21:12:09.758  WARN 5169 --- [           main] aWebConfiguration$JpaWebMvcConfiguration : spring.jpa.open-in-view is enabled by default. Therefore, database queries may be performed during view rendering. Explicitly configure spring.jpa.open-in-view to disable this warning
file:/home/server/WebApp/test/duce/src/main/resources
2019-06-07 21:12:09.991  INFO 5169 --- [           main] o.s.b.a.w.s.WelcomePageHandlerMapping    : Adding welcome page template: index
2019-06-07 21:12:10.344 ERROR 5169 --- [           main] org.apache.catalina.util.LifecycleBase   : Failed to start component [Connector[HTTP/1.1-8080]]

org.apache.catalina.LifecycleException: Protocol handler start failed
	at org.apache.catalina.connector.Connector.startInternal(Connector.java:1008) ~[tomcat-embed-core-9.0.16.jar:9.0.16]
	at org.apache.catalina.util.LifecycleBase.start(LifecycleBase.java:183) ~[tomcat-embed-core-9.0.16.jar:9.0.16]
	at org.apache.catalina.core.StandardService.addConnector(StandardService.java:226) ~[tomcat-embed-core-9.0.16.jar:9.0.16]
	at org.springframework.boot.web.embedded.tomcat.TomcatWebServer.addPreviouslyRemovedConnectors(TomcatWebServer.java:259) ~[spring-boot-2.1.3.RELEASE.jar:2.1.3.RELEASE]
	at org.springframework.boot.web.embedded.tomcat.TomcatWebServer.start(TomcatWebServer.java:197) ~[spring-boot-2.1.3.RELEASE.jar:2.1.3.RELEASE]
	at org.springframework.boot.web.servlet.context.ServletWebServerApplicationContext.startWebServer(ServletWebServerApplicationContext.java:311) ~[spring-boot-2.1.3.RELEASE.jar:2.1.3.RELEASE]
	at org.springframework.boot.web.servlet.context.ServletWebServerApplicationContext.finishRefresh(ServletWebServerApplicationContext.java:164) ~[spring-boot-2.1.3.RELEASE.jar:2.1.3.RELEASE]
	at org.springframework.context.support.AbstractApplicationContext.refresh(AbstractApplicationContext.java:552) ~[spring-context-5.1.5.RELEASE.jar:5.1.5.RELEASE]
	at org.springframework.boot.web.servlet.context.ServletWebServerApplicationContext.refresh(ServletWebServerApplicationContext.java:142) ~[spring-boot-2.1.3.RELEASE.jar:2.1.3.RELEASE]
	at org.springframework.boot.SpringApplication.refresh(SpringApplication.java:775) ~[spring-boot-2.1.3.RELEASE.jar:2.1.3.RELEASE]
	at org.springframework.boot.SpringApplication.refreshContext(SpringApplication.java:397) ~[spring-boot-2.1.3.RELEASE.jar:2.1.3.RELEASE]
	at org.springframework.boot.SpringApplication.run(SpringApplication.java:316) ~[spring-boot-2.1.3.RELEASE.jar:2.1.3.RELEASE]
	at org.springframework.boot.SpringApplication.run(SpringApplication.java:1260) ~[spring-boot-2.1.3.RELEASE.jar:2.1.3.RELEASE]
	at org.springframework.boot.SpringApplication.run(SpringApplication.java:1248) ~[spring-boot-2.1.3.RELEASE.jar:2.1.3.RELEASE]
	at kr.ac.duce.SpringBootJpaSecurityApplication.main(SpringBootJpaSecurityApplication.java:17) ~[classes/:na]
	at java.base/jdk.internal.reflect.NativeMethodAccessorImpl.invoke0(Native Method) ~[na:na]
	at java.base/jdk.internal.reflect.NativeMethodAccessorImpl.invoke(NativeMethodAccessorImpl.java:62) ~[na:na]
	at java.base/jdk.internal.reflect.DelegatingMethodAccessorImpl.invoke(DelegatingMethodAccessorImpl.java:43) ~[na:na]
	at java.base/java.lang.reflect.Method.invoke(Method.java:566) ~[na:na]
	at org.springframework.boot.maven.AbstractRunMojo$LaunchRunner.run(AbstractRunMojo.java:558) ~[na:na]
	at java.base/java.lang.Thread.run(Thread.java:834) ~[na:na]
Caused by: java.net.BindException: Address already in use
	at java.base/sun.nio.ch.Net.bind0(Native Method) ~[na:na]
	at java.base/sun.nio.ch.Net.bind(Net.java:461) ~[na:na]
	at java.base/sun.nio.ch.Net.bind(Net.java:453) ~[na:na]
	at java.base/sun.nio.ch.ServerSocketChannelImpl.bind(ServerSocketChannelImpl.java:227) ~[na:na]
	at java.base/sun.nio.ch.ServerSocketAdaptor.bind(ServerSocketAdaptor.java:80) ~[na:na]
	at org.apache.tomcat.util.net.NioEndpoint.initServerSocket(NioEndpoint.java:236) ~[tomcat-embed-core-9.0.16.jar:9.0.16]
	at org.apache.tomcat.util.net.NioEndpoint.bind(NioEndpoint.java:210) ~[tomcat-embed-core-9.0.16.jar:9.0.16]
	at org.apache.tomcat.util.net.AbstractEndpoint.bindWithCleanup(AbstractEndpoint.java:1085) ~[tomcat-embed-core-9.0.16.jar:9.0.16]
	at org.apache.tomcat.util.net.AbstractEndpoint.start(AbstractEndpoint.java:1171) ~[tomcat-embed-core-9.0.16.jar:9.0.16]
	at org.apache.coyote.AbstractProtocol.start(AbstractProtocol.java:568) ~[tomcat-embed-core-9.0.16.jar:9.0.16]
	at org.apache.catalina.connector.Connector.startInternal(Connector.java:1005) ~[tomcat-embed-core-9.0.16.jar:9.0.16]
	... 20 common frames omitted

2019-06-07 21:12:10.369  INFO 5169 --- [           main] o.apache.catalina.core.StandardService   : Stopping service [Tomcat]
2019-06-07 21:12:10.384  INFO 5169 --- [           main] ConditionEvaluationReportLoggingListener : 

Error starting ApplicationContext. To display the conditions report re-run your application with 'debug' enabled.
2019-06-07 21:12:10.387 ERROR 5169 --- [           main] o.s.b.d.LoggingFailureAnalysisReporter   : 

***************************
APPLICATION FAILED TO START
***************************

Description:

The Tomcat connector configured to listen on port 8080 failed to start. The port may already be in use or the connector may be misconfigured.

Action:

Verify the connector's configuration, identify and stop any process that's listening on port 8080, or configure this application to listen on another port.

2019-06-07 21:12:10.393  INFO 5169 --- [           main] o.s.s.concurrent.ThreadPoolTaskExecutor  : Shutting down ExecutorService 'applicationTaskExecutor'
2019-06-07 21:12:10.395  INFO 5169 --- [           main] j.LocalContainerEntityManagerFactoryBean : Closing JPA EntityManagerFactory for persistence unit 'default'
2019-06-07 21:12:10.396  INFO 5169 --- [           main] com.zaxxer.hikari.HikariDataSource       : HikariPool-1 - Shutdown initiated...
2019-06-07 21:12:10.408  INFO 5169 --- [           main] com.zaxxer.hikari.HikariDataSource       : HikariPool-1 - Shutdown completed.
[WARNING] 
java.lang.reflect.InvocationTargetException
    at jdk.internal.reflect.NativeMethodAccessorImpl.invoke0 (Native Method)
    at jdk.internal.reflect.NativeMethodAccessorImpl.invoke (NativeMethodAccessorImpl.java:62)
    at jdk.internal.reflect.DelegatingMethodAccessorImpl.invoke (DelegatingMethodAccessorImpl.java:43)
    at java.lang.reflect.Method.invoke (Method.java:566)
    at org.springframework.boot.maven.AbstractRunMojo$LaunchRunner.run (AbstractRunMojo.java:558)
    at java.lang.Thread.run (Thread.java:834)
Caused by: org.springframework.boot.web.embedded.tomcat.ConnectorStartFailedException: Connector configured to listen on port 8080 failed to start
    at org.springframework.boot.web.embedded.tomcat.TomcatWebServer.checkConnectorHasStarted (TomcatWebServer.java:232)
    at org.springframework.boot.web.embedded.tomcat.TomcatWebServer.checkThatConnectorsHaveStarted (TomcatWebServer.java:224)
    at org.springframework.boot.web.embedded.tomcat.TomcatWebServer.start (TomcatWebServer.java:202)
    at org.springframework.boot.web.servlet.context.ServletWebServerApplicationContext.startWebServer (ServletWebServerApplicationContext.java:311)
    at org.springframework.boot.web.servlet.context.ServletWebServerApplicationContext.finishRefresh (ServletWebServerApplicationContext.java:164)
    at org.springframework.context.support.AbstractApplicationContext.refresh (AbstractApplicationContext.java:552)
    at org.springframework.boot.web.servlet.context.ServletWebServerApplicationContext.refresh (ServletWebServerApplicationContext.java:142)
    at org.springframework.boot.SpringApplication.refresh (SpringApplication.java:775)
    at org.springframework.boot.SpringApplication.refreshContext (SpringApplication.java:397)
    at org.springframework.boot.SpringApplication.run (SpringApplication.java:316)
    at org.springframework.boot.SpringApplication.run (SpringApplication.java:1260)
    at org.springframework.boot.SpringApplication.run (SpringApplication.java:1248)
    at kr.ac.duce.SpringBootJpaSecurityApplication.main (SpringBootJpaSecurityApplication.java:17)
    at jdk.internal.reflect.NativeMethodAccessorImpl.invoke0 (Native Method)
    at jdk.internal.reflect.NativeMethodAccessorImpl.invoke (NativeMethodAccessorImpl.java:62)
    at jdk.internal.reflect.DelegatingMethodAccessorImpl.invoke (DelegatingMethodAccessorImpl.java:43)
    at java.lang.reflect.Method.invoke (Method.java:566)
    at org.springframework.boot.maven.AbstractRunMojo$LaunchRunner.run (AbstractRunMojo.java:558)
    at java.lang.Thread.run (Thread.java:834)
[INFO] ------------------------------------------------------------------------
[INFO] BUILD FAILURE
[INFO] ------------------------------------------------------------------------
[INFO] Total time:  12.565 s
[INFO] Finished at: 2019-06-07T21:12:10+09:00
[INFO] ------------------------------------------------------------------------
[ERROR] Failed to execute goal org.springframework.boot:spring-boot-maven-plugin:2.1.3.RELEASE:run (default-cli) on project demo: An exception occurred while running. null: InvocationTargetException: Connector configured to listen on port 8080 failed to start -> [Help 1]
[ERROR] 
[ERROR] To see the full stack trace of the errors, re-run Maven with the -e switch.
[ERROR] Re-run Maven using the -X switch to enable full debug logging.
[ERROR] 
[ERROR] For more information about the errors and possible solutions, please read the following articles:
[ERROR] [Help 1] http://cwiki.apache.org/confluence/display/MAVEN/MojoExecutionException
[INFO] Scanning for projects...
[INFO] 
[INFO] --------------------------< com.example:demo >--------------------------
[INFO] Building demo 0.0.1-SNAPSHOT
[INFO] --------------------------------[ jar ]---------------------------------
[INFO] 
[INFO] >>> spring-boot-maven-plugin:2.1.3.RELEASE:run (default-cli) > test-compile @ demo >>>
[INFO] 
[INFO] --- maven-resources-plugin:3.1.0:resources (default-resources) @ demo ---
[INFO] Using 'UTF-8' encoding to copy filtered resources.
[INFO] Copying 1 resource
[INFO] Copying 272 resources
[INFO] 
[INFO] --- maven-compiler-plugin:3.8.0:compile (default-compile) @ demo ---
[INFO] Nothing to compile - all classes are up to date
[INFO] 
[INFO] --- maven-resources-plugin:3.1.0:testResources (default-testResources) @ demo ---
[INFO] Using 'UTF-8' encoding to copy filtered resources.
[INFO] skip non existing resourceDirectory /home/server/WebApp/test/duce/src/test/resources
[INFO] 
[INFO] --- maven-compiler-plugin:3.8.0:testCompile (default-testCompile) @ demo ---
[INFO] No sources to compile
[INFO] 
[INFO] <<< spring-boot-maven-plugin:2.1.3.RELEASE:run (default-cli) < test-compile @ demo <<<
[INFO] 
[INFO] 
[INFO] --- spring-boot-maven-plugin:2.1.3.RELEASE:run (default-cli) @ demo ---

  .   ____          _            __ _ _
 /\\ / ___'_ __ _ _(_)_ __  __ _ \ \ \ \
( ( )\___ | '_ | '_| | '_ \/ _` | \ \ \ \
 \\/  ___)| |_)| | | | | || (_| |  ) ) ) )
  '  |____| .__|_| |_|_| |_\__, | / / / /
 =========|_|==============|___/=/_/_/_/
 :: Spring Boot ::        (v2.1.3.RELEASE)

2019-06-07 21:14:18.863  INFO 5320 --- [           main] k.a.d.SpringBootJpaSecurityApplication   : Starting SpringBootJpaSecurityApplication on Webproject1 with PID 5320 (/home/server/WebApp/test/duce/target/classes started by root in /home/server/WebApp/test/duce)
2019-06-07 21:14:18.876  INFO 5320 --- [           main] k.a.d.SpringBootJpaSecurityApplication   : The following profiles are active: live
2019-06-07 21:14:20.367  INFO 5320 --- [           main] .s.d.r.c.RepositoryConfigurationDelegate : Bootstrapping Spring Data repositories in DEFAULT mode.
2019-06-07 21:14:20.419  INFO 5320 --- [           main] .s.d.r.c.RepositoryConfigurationDelegate : Finished Spring Data repository scanning in 39ms. Found 0 repository interfaces.
2019-06-07 21:14:21.170  INFO 5320 --- [           main] trationDelegate$BeanPostProcessorChecker : Bean 'org.springframework.transaction.annotation.ProxyTransactionManagementConfiguration' of type [org.springframework.transaction.annotation.ProxyTransactionManagementConfiguration$$EnhancerBySpringCGLIB$$b07dddf6] is not eligible for getting processed by all BeanPostProcessors (for example: not eligible for auto-proxying)
2019-06-07 21:14:21.790  INFO 5320 --- [           main] o.s.b.w.embedded.tomcat.TomcatWebServer  : Tomcat initialized with port(s): 8080 (http)
2019-06-07 21:14:21.858  INFO 5320 --- [           main] o.apache.catalina.core.StandardService   : Starting service [Tomcat]
2019-06-07 21:14:21.858  INFO 5320 --- [           main] org.apache.catalina.core.StandardEngine  : Starting Servlet engine: [Apache Tomcat/9.0.16]
2019-06-07 21:14:21.877  INFO 5320 --- [           main] o.a.catalina.core.AprLifecycleListener   : The APR based Apache Tomcat Native library which allows optimal performance in production environments was not found on the java.library.path: [/usr/java/packages/lib:/usr/lib64:/lib64:/lib:/usr/lib]
2019-06-07 21:14:22.291  INFO 5320 --- [           main] org.apache.jasper.servlet.TldScanner     : At least one JAR was scanned for TLDs yet contained no TLDs. Enable debug logging for this logger for a complete list of JARs that were scanned but no TLDs were found in them. Skipping unneeded JARs during scanning can improve startup time and JSP compilation time.
2019-06-07 21:14:22.306  INFO 5320 --- [           main] o.a.c.c.C.[Tomcat].[localhost].[/]       : Initializing Spring embedded WebApplicationContext
2019-06-07 21:14:22.306  INFO 5320 --- [           main] o.s.web.context.ContextLoader            : Root WebApplicationContext: initialization completed in 3352 ms
2019-06-07 21:14:22.551  INFO 5320 --- [           main] com.zaxxer.hikari.HikariDataSource       : HikariPool-1 - Starting...
2019-06-07 21:14:22.773  INFO 5320 --- [           main] com.zaxxer.hikari.HikariDataSource       : HikariPool-1 - Start completed.
2019-06-07 21:14:22.865  INFO 5320 --- [           main] o.hibernate.jpa.internal.util.LogHelper  : HHH000204: Processing PersistenceUnitInfo [
	name: default
	...]
2019-06-07 21:14:23.025  INFO 5320 --- [           main] org.hibernate.Version                    : HHH000412: Hibernate Core {5.3.7.Final}
2019-06-07 21:14:23.025  INFO 5320 --- [           main] org.hibernate.cfg.Environment            : HHH000206: hibernate.properties not found
2019-06-07 21:14:23.221  INFO 5320 --- [           main] o.hibernate.annotations.common.Version   : HCANN000001: Hibernate Commons Annotations {5.0.4.Final}
2019-06-07 21:14:23.445  INFO 5320 --- [           main] org.hibernate.dialect.Dialect            : HHH000400: Using dialect: org.hibernate.dialect.MySQL5Dialect
2019-06-07 21:14:23.748  INFO 5320 --- [           main] j.LocalContainerEntityManagerFactoryBean : Initialized JPA EntityManagerFactory for persistence unit 'default'
WARNING: An illegal reflective access operation has occurred
WARNING: Illegal reflective access by org.apache.ibatis.reflection.Reflector (file:/root/.m2/repository/org/mybatis/mybatis/3.4.2/mybatis-3.4.2.jar) to method java.util.HashMap.hash(java.lang.Object)
WARNING: Please consider reporting this to the maintainers of org.apache.ibatis.reflection.Reflector
WARNING: Use --illegal-access=warn to enable warnings of further illegal reflective access operations
WARNING: All illegal access operations will be denied in a future release
2019-06-07 21:14:24.515  INFO 5320 --- [           main] o.s.s.web.DefaultSecurityFilterChain     : Creating filter chain: any request, [org.springframework.security.web.context.request.async.WebAsyncManagerIntegrationFilter@6d717191, org.springframework.security.web.context.SecurityContextPersistenceFilter@1c0325f, org.springframework.security.web.header.HeaderWriterFilter@742ec63e, org.springframework.security.web.authentication.logout.LogoutFilter@78e12d, org.springframework.security.web.authentication.UsernamePasswordAuthenticationFilter@4f15740b, org.springframework.security.web.savedrequest.RequestCacheAwareFilter@307bc632, org.springframework.security.web.servletapi.SecurityContextHolderAwareRequestFilter@45612d9, org.springframework.security.web.authentication.AnonymousAuthenticationFilter@2d3697cd, org.springframework.security.web.session.SessionManagementFilter@6f5d93d0, org.springframework.security.web.access.ExceptionTranslationFilter@56e05f1f, org.springframework.security.web.access.intercept.FilterSecurityInterceptor@3f6300ac]
2019-06-07 21:14:24.783  INFO 5320 --- [           main] o.s.s.concurrent.ThreadPoolTaskExecutor  : Initializing ExecutorService 'applicationTaskExecutor'
2019-06-07 21:14:24.846  WARN 5320 --- [           main] aWebConfiguration$JpaWebMvcConfiguration : spring.jpa.open-in-view is enabled by default. Therefore, database queries may be performed during view rendering. Explicitly configure spring.jpa.open-in-view to disable this warning
file:/home/server/WebApp/test/duce/src/main/resources
2019-06-07 21:14:25.016  INFO 5320 --- [           main] o.s.b.a.w.s.WelcomePageHandlerMapping    : Adding welcome page template: index
2019-06-07 21:14:25.339  INFO 5320 --- [           main] o.s.b.w.embedded.tomcat.TomcatWebServer  : Tomcat started on port(s): 8080 (http) with context path ''
2019-06-07 21:14:25.345  INFO 5320 --- [           main] k.a.d.SpringBootJpaSecurityApplication   : Started SpringBootJpaSecurityApplication in 7.384 seconds (JVM running for 12.409)
2019-06-07 21:14:25.602  INFO 5320 --- [nio-8080-exec-1] o.a.c.c.C.[Tomcat].[localhost].[/]       : Initializing Spring DispatcherServlet 'dispatcherServlet'
2019-06-07 21:14:25.603  INFO 5320 --- [nio-8080-exec-1] o.s.web.servlet.DispatcherServlet        : Initializing Servlet 'dispatcherServlet'
2019-06-07 21:14:25.611  INFO 5320 --- [nio-8080-exec-1] o.s.web.servlet.DispatcherServlet        : Completed initialization in 8 ms
2019-06-07 21:49:57.685  INFO 5320 --- [       Thread-3] o.s.s.concurrent.ThreadPoolTaskExecutor  : Shutting down ExecutorService 'applicationTaskExecutor'
2019-06-07 21:49:57.686  INFO 5320 --- [       Thread-3] j.LocalContainerEntityManagerFactoryBean : Closing JPA EntityManagerFactory for persistence unit 'default'
2019-06-07 21:49:57.687  INFO 5320 --- [       Thread-3] com.zaxxer.hikari.HikariDataSource       : HikariPool-1 - Shutdown initiated...
2019-06-07 21:49:57.709  INFO 5320 --- [       Thread-3] com.zaxxer.hikari.HikariDataSource       : HikariPool-1 - Shutdown completed.
[INFO] ------------------------------------------------------------------------
[INFO] BUILD SUCCESS
[INFO] ------------------------------------------------------------------------
[INFO] Total time:  35:45 min
[INFO] Finished at: 2019-06-07T21:49:59+09:00
[INFO] ------------------------------------------------------------------------
[INFO] Scanning for projects...
[INFO] 
[INFO] --------------------------< com.example:demo >--------------------------
[INFO] Building demo 0.0.1-SNAPSHOT
[INFO] --------------------------------[ jar ]---------------------------------
[INFO] 
[INFO] >>> spring-boot-maven-plugin:2.1.3.RELEASE:run (default-cli) > test-compile @ demo >>>
[INFO] 
[INFO] --- maven-resources-plugin:3.1.0:resources (default-resources) @ demo ---
[INFO] Using 'UTF-8' encoding to copy filtered resources.
[INFO] Copying 1 resource
[INFO] Copying 272 resources
[INFO] 
[INFO] --- maven-compiler-plugin:3.8.0:compile (default-compile) @ demo ---
[INFO] Changes detected - recompiling the module!
[INFO] Compiling 72 source files to /home/server/WebApp/test/duce/target/classes
[INFO] /home/server/WebApp/test/duce/src/main/java/kr/ac/duce/service/impl/IntroSettingServiceImpl.java: Some input files use unchecked or unsafe operations.
[INFO] /home/server/WebApp/test/duce/src/main/java/kr/ac/duce/service/impl/IntroSettingServiceImpl.java: Recompile with -Xlint:unchecked for details.
[INFO] 
[INFO] --- maven-resources-plugin:3.1.0:testResources (default-testResources) @ demo ---
[INFO] Using 'UTF-8' encoding to copy filtered resources.
[INFO] skip non existing resourceDirectory /home/server/WebApp/test/duce/src/test/resources
[INFO] 
[INFO] --- maven-compiler-plugin:3.8.0:testCompile (default-testCompile) @ demo ---
[INFO] No sources to compile
[INFO] 
[INFO] <<< spring-boot-maven-plugin:2.1.3.RELEASE:run (default-cli) < test-compile @ demo <<<
[INFO] 
[INFO] 
[INFO] --- spring-boot-maven-plugin:2.1.3.RELEASE:run (default-cli) @ demo ---

  .   ____          _            __ _ _
 /\\ / ___'_ __ _ _(_)_ __  __ _ \ \ \ \
( ( )\___ | '_ | '_| | '_ \/ _` | \ \ \ \
 \\/  ___)| |_)| | | | | || (_| |  ) ) ) )
  '  |____| .__|_| |_|_| |_\__, | / / / /
 =========|_|==============|___/=/_/_/_/
 :: Spring Boot ::        (v2.1.3.RELEASE)

2019-06-07 21:50:35.394  INFO 5603 --- [           main] k.a.d.SpringBootJpaSecurityApplication   : Starting SpringBootJpaSecurityApplication on Webproject1 with PID 5603 (/home/server/WebApp/test/duce/target/classes started by root in /home/server/WebApp/test/duce)
2019-06-07 21:50:35.397  INFO 5603 --- [           main] k.a.d.SpringBootJpaSecurityApplication   : The following profiles are active: live
2019-06-07 21:50:36.915  INFO 5603 --- [           main] .s.d.r.c.RepositoryConfigurationDelegate : Bootstrapping Spring Data repositories in DEFAULT mode.
2019-06-07 21:50:36.967  INFO 5603 --- [           main] .s.d.r.c.RepositoryConfigurationDelegate : Finished Spring Data repository scanning in 39ms. Found 0 repository interfaces.
2019-06-07 21:50:37.615  INFO 5603 --- [           main] trationDelegate$BeanPostProcessorChecker : Bean 'org.springframework.transaction.annotation.ProxyTransactionManagementConfiguration' of type [org.springframework.transaction.annotation.ProxyTransactionManagementConfiguration$$EnhancerBySpringCGLIB$$79eae447] is not eligible for getting processed by all BeanPostProcessors (for example: not eligible for auto-proxying)
2019-06-07 21:50:38.230  INFO 5603 --- [           main] o.s.b.w.embedded.tomcat.TomcatWebServer  : Tomcat initialized with port(s): 8080 (http)
2019-06-07 21:50:38.292  INFO 5603 --- [           main] o.apache.catalina.core.StandardService   : Starting service [Tomcat]
2019-06-07 21:50:38.293  INFO 5603 --- [           main] org.apache.catalina.core.StandardEngine  : Starting Servlet engine: [Apache Tomcat/9.0.16]
2019-06-07 21:50:38.316  INFO 5603 --- [           main] o.a.catalina.core.AprLifecycleListener   : The APR based Apache Tomcat Native library which allows optimal performance in production environments was not found on the java.library.path: [/usr/java/packages/lib:/usr/lib64:/lib64:/lib:/usr/lib]
2019-06-07 21:50:38.699  INFO 5603 --- [           main] org.apache.jasper.servlet.TldScanner     : At least one JAR was scanned for TLDs yet contained no TLDs. Enable debug logging for this logger for a complete list of JARs that were scanned but no TLDs were found in them. Skipping unneeded JARs during scanning can improve startup time and JSP compilation time.
2019-06-07 21:50:38.707  INFO 5603 --- [           main] o.a.c.c.C.[Tomcat].[localhost].[/]       : Initializing Spring embedded WebApplicationContext
2019-06-07 21:50:38.707  INFO 5603 --- [           main] o.s.web.context.ContextLoader            : Root WebApplicationContext: initialization completed in 3234 ms
2019-06-07 21:50:38.961  INFO 5603 --- [           main] com.zaxxer.hikari.HikariDataSource       : HikariPool-1 - Starting...
2019-06-07 21:50:39.167  INFO 5603 --- [           main] com.zaxxer.hikari.HikariDataSource       : HikariPool-1 - Start completed.
2019-06-07 21:50:39.260  INFO 5603 --- [           main] o.hibernate.jpa.internal.util.LogHelper  : HHH000204: Processing PersistenceUnitInfo [
	name: default
	...]
2019-06-07 21:50:39.418  INFO 5603 --- [           main] org.hibernate.Version                    : HHH000412: Hibernate Core {5.3.7.Final}
2019-06-07 21:50:39.419  INFO 5603 --- [           main] org.hibernate.cfg.Environment            : HHH000206: hibernate.properties not found
2019-06-07 21:50:39.607  INFO 5603 --- [           main] o.hibernate.annotations.common.Version   : HCANN000001: Hibernate Commons Annotations {5.0.4.Final}
2019-06-07 21:50:39.832  INFO 5603 --- [           main] org.hibernate.dialect.Dialect            : HHH000400: Using dialect: org.hibernate.dialect.MySQL5Dialect
2019-06-07 21:50:40.136  INFO 5603 --- [           main] j.LocalContainerEntityManagerFactoryBean : Initialized JPA EntityManagerFactory for persistence unit 'default'
2019-06-07 21:50:40.914  INFO 5603 --- [           main] o.s.s.web.DefaultSecurityFilterChain     : Creating filter chain: any request, [org.springframework.security.web.context.request.async.WebAsyncManagerIntegrationFilter@260ba258, org.springframework.security.web.context.SecurityContextPersistenceFilter@53222374, org.springframework.security.web.header.HeaderWriterFilter@6261e78c, org.springframework.security.web.authentication.logout.LogoutFilter@7465a365, org.springframework.security.web.authentication.UsernamePasswordAuthenticationFilter@24a7ef5d, org.springframework.security.web.savedrequest.RequestCacheAwareFilter@7b23d11a, org.springframework.security.web.servletapi.SecurityContextHolderAwareRequestFilter@43e5a54f, org.springframework.security.web.authentication.AnonymousAuthenticationFilter@6d0737b3, org.springframework.security.web.session.SessionManagementFilter@13db0244, org.springframework.security.web.access.ExceptionTranslationFilter@17207c64, org.springframework.security.web.access.intercept.FilterSecurityInterceptor@5368e0f0]
2019-06-07 21:50:41.160  INFO 5603 --- [           main] o.s.s.concurrent.ThreadPoolTaskExecutor  : Initializing ExecutorService 'applicationTaskExecutor'
2019-06-07 21:50:41.229  WARN 5603 --- [           main] aWebConfiguration$JpaWebMvcConfiguration : spring.jpa.open-in-view is enabled by default. Therefore, database queries may be performed during view rendering. Explicitly configure spring.jpa.open-in-view to disable this warning
file:/home/server/WebApp/test/duce/src/main/resources
2019-06-07 21:50:41.399  INFO 5603 --- [           main] o.s.b.a.w.s.WelcomePageHandlerMapping    : Adding welcome page template: index
2019-06-07 21:50:41.718  INFO 5603 --- [           main] o.s.b.w.embedded.tomcat.TomcatWebServer  : Tomcat started on port(s): 8080 (http) with context path ''
2019-06-07 21:50:41.724  INFO 5603 --- [           main] k.a.d.SpringBootJpaSecurityApplication   : Started SpringBootJpaSecurityApplication in 7.108 seconds (JVM running for 16.141)
2019-06-07 21:50:41.919  INFO 5603 --- [nio-8080-exec-1] o.a.c.c.C.[Tomcat].[localhost].[/]       : Initializing Spring DispatcherServlet 'dispatcherServlet'
2019-06-07 21:50:41.919  INFO 5603 --- [nio-8080-exec-1] o.s.web.servlet.DispatcherServlet        : Initializing Servlet 'dispatcherServlet'
2019-06-07 21:50:41.930  INFO 5603 --- [nio-8080-exec-1] o.s.web.servlet.DispatcherServlet        : Completed initialization in 11 ms
 
 
 
org.springframework.dao.DuplicateKeyException: 
### Error updating database.  Cause: java.sql.SQLIntegrityConstraintViolationException: Duplicate entry '2016' for key 'PRIMARY'
### The error may involve kr.ac.duce.dao.MemberDao.registerUser-Inline
### The error occurred while setting parameters
### SQL: Insert into userinfo(id, password, name, mail, hp, isAccountNonExpired, isAccountNonLocked, isCredentialsNonExpired, isEnabled, authority) values(?, ?, ?, ?, ?, ?, ?, ?, ?, ?)
### Cause: java.sql.SQLIntegrityConstraintViolationException: Duplicate entry '2016' for key 'PRIMARY'
; Duplicate entry '2016' for key 'PRIMARY'; nested exception is java.sql.SQLIntegrityConstraintViolationException: Duplicate entry '2016' for key 'PRIMARY'
2019-06-07 21:59:44.672 ERROR 5603 --- [nio-8080-exec-1] o.a.c.c.C.[.[.[/].[dispatcherServlet]    : Servlet.service() for servlet [dispatcherServlet] in context with path [] threw exception [Request processing failed; nested exception is java.lang.IndexOutOfBoundsException: Index 0 out of bounds for length 0] with root cause

java.lang.IndexOutOfBoundsException: Index 0 out of bounds for length 0
	at java.base/jdk.internal.util.Preconditions.outOfBounds(Preconditions.java:64) ~[na:na]
	at java.base/jdk.internal.util.Preconditions.outOfBoundsCheckIndex(Preconditions.java:70) ~[na:na]
	at java.base/jdk.internal.util.Preconditions.checkIndex(Preconditions.java:248) ~[na:na]
	at java.base/java.util.Objects.checkIndex(Objects.java:372) ~[na:na]
	at java.base/java.util.ArrayList.get(ArrayList.java:458) ~[na:na]
	at kr.ac.duce.controller.ProjectBoardController.list(ProjectBoardController.java:54) ~[classes/:na]
	at java.base/jdk.internal.reflect.NativeMethodAccessorImpl.invoke0(Native Method) ~[na:na]
	at java.base/jdk.internal.reflect.NativeMethodAccessorImpl.invoke(NativeMethodAccessorImpl.java:62) ~[na:na]
	at java.base/jdk.internal.reflect.DelegatingMethodAccessorImpl.invoke(DelegatingMethodAccessorImpl.java:43) ~[na:na]
	at java.base/java.lang.reflect.Method.invoke(Method.java:566) ~[na:na]
	at org.springframework.web.method.support.InvocableHandlerMethod.doInvoke(InvocableHandlerMethod.java:189) ~[spring-web-5.1.5.RELEASE.jar:5.1.5.RELEASE]
	at org.springframework.web.method.support.InvocableHandlerMethod.invokeForRequest(InvocableHandlerMethod.java:138) ~[spring-web-5.1.5.RELEASE.jar:5.1.5.RELEASE]
	at org.springframework.web.servlet.mvc.method.annotation.ServletInvocableHandlerMethod.invokeAndHandle(ServletInvocableHandlerMethod.java:102) ~[spring-webmvc-5.1.5.RELEASE.jar:5.1.5.RELEASE]
	at org.springframework.web.servlet.mvc.method.annotation.RequestMappingHandlerAdapter.invokeHandlerMethod(RequestMappingHandlerAdapter.java:895) ~[spring-webmvc-5.1.5.RELEASE.jar:5.1.5.RELEASE]
	at org.springframework.web.servlet.mvc.method.annotation.RequestMappingHandlerAdapter.handleInternal(RequestMappingHandlerAdapter.java:800) ~[spring-webmvc-5.1.5.RELEASE.jar:5.1.5.RELEASE]
	at org.springframework.web.servlet.mvc.method.AbstractHandlerMethodAdapter.handle(AbstractHandlerMethodAdapter.java:87) ~[spring-webmvc-5.1.5.RELEASE.jar:5.1.5.RELEASE]
	at org.springframework.web.servlet.DispatcherServlet.doDispatch(DispatcherServlet.java:1038) ~[spring-webmvc-5.1.5.RELEASE.jar:5.1.5.RELEASE]
	at org.springframework.web.servlet.DispatcherServlet.doService(DispatcherServlet.java:942) ~[spring-webmvc-5.1.5.RELEASE.jar:5.1.5.RELEASE]
	at org.springframework.web.servlet.FrameworkServlet.processRequest(FrameworkServlet.java:1005) ~[spring-webmvc-5.1.5.RELEASE.jar:5.1.5.RELEASE]
	at org.springframework.web.servlet.FrameworkServlet.doGet(FrameworkServlet.java:897) ~[spring-webmvc-5.1.5.RELEASE.jar:5.1.5.RELEASE]
	at javax.servlet.http.HttpServlet.service(HttpServlet.java:634) ~[tomcat-embed-core-9.0.16.jar:9.0.16]
	at org.springframework.web.servlet.FrameworkServlet.service(FrameworkServlet.java:882) ~[spring-webmvc-5.1.5.RELEASE.jar:5.1.5.RELEASE]
	at javax.servlet.http.HttpServlet.service(HttpServlet.java:741) ~[tomcat-embed-core-9.0.16.jar:9.0.16]
	at org.apache.catalina.core.ApplicationFilterChain.internalDoFilter(ApplicationFilterChain.java:231) ~[tomcat-embed-core-9.0.16.jar:9.0.16]
	at org.apache.catalina.core.ApplicationFilterChain.doFilter(ApplicationFilterChain.java:166) ~[tomcat-embed-core-9.0.16.jar:9.0.16]
	at org.apache.tomcat.websocket.server.WsFilter.doFilter(WsFilter.java:53) ~[tomcat-embed-websocket-9.0.16.jar:9.0.16]
	at org.apache.catalina.core.ApplicationFilterChain.internalDoFilter(ApplicationFilterChain.java:193) ~[tomcat-embed-core-9.0.16.jar:9.0.16]
	at org.apache.catalina.core.ApplicationFilterChain.doFilter(ApplicationFilterChain.java:166) ~[tomcat-embed-core-9.0.16.jar:9.0.16]
	at org.springframework.security.web.FilterChainProxy$VirtualFilterChain.doFilter(FilterChainProxy.java:320) ~[spring-security-web-5.1.4.RELEASE.jar:5.1.4.RELEASE]
	at org.springframework.security.web.access.intercept.FilterSecurityInterceptor.invoke(FilterSecurityInterceptor.java:127) ~[spring-security-web-5.1.4.RELEASE.jar:5.1.4.RELEASE]
	at org.springframework.security.web.access.intercept.FilterSecurityInterceptor.doFilter(FilterSecurityInterceptor.java:91) ~[spring-security-web-5.1.4.RELEASE.jar:5.1.4.RELEASE]
	at org.springframework.security.web.FilterChainProxy$VirtualFilterChain.doFilter(FilterChainProxy.java:334) ~[spring-security-web-5.1.4.RELEASE.jar:5.1.4.RELEASE]
	at org.springframework.security.web.access.ExceptionTranslationFilter.doFilter(ExceptionTranslationFilter.java:119) ~[spring-security-web-5.1.4.RELEASE.jar:5.1.4.RELEASE]
	at org.springframework.security.web.FilterChainProxy$VirtualFilterChain.doFilter(FilterChainProxy.java:334) ~[spring-security-web-5.1.4.RELEASE.jar:5.1.4.RELEASE]
	at org.springframework.security.web.session.SessionManagementFilter.doFilter(SessionManagementFilter.java:137) ~[spring-security-web-5.1.4.RELEASE.jar:5.1.4.RELEASE]
	at org.springframework.security.web.FilterChainProxy$VirtualFilterChain.doFilter(FilterChainProxy.java:334) ~[spring-security-web-5.1.4.RELEASE.jar:5.1.4.RELEASE]
	at org.springframework.security.web.authentication.AnonymousAuthenticationFilter.doFilter(AnonymousAuthenticationFilter.java:111) ~[spring-security-web-5.1.4.RELEASE.jar:5.1.4.RELEASE]
	at org.springframework.security.web.FilterChainProxy$VirtualFilterChain.doFilter(FilterChainProxy.java:334) ~[spring-security-web-5.1.4.RELEASE.jar:5.1.4.RELEASE]
	at org.springframework.security.web.servletapi.SecurityContextHolderAwareRequestFilter.doFilter(SecurityContextHolderAwareRequestFilter.java:170) ~[spring-security-web-5.1.4.RELEASE.jar:5.1.4.RELEASE]
	at org.springframework.security.web.FilterChainProxy$VirtualFilterChain.doFilter(FilterChainProxy.java:334) ~[spring-security-web-5.1.4.RELEASE.jar:5.1.4.RELEASE]
	at org.springframework.security.web.savedrequest.RequestCacheAwareFilter.doFilter(RequestCacheAwareFilter.java:63) ~[spring-security-web-5.1.4.RELEASE.jar:5.1.4.RELEASE]
	at org.springframework.security.web.FilterChainProxy$VirtualFilterChain.doFilter(FilterChainProxy.java:334) ~[spring-security-web-5.1.4.RELEASE.jar:5.1.4.RELEASE]
	at org.springframework.security.web.authentication.AbstractAuthenticationProcessingFilter.doFilter(AbstractAuthenticationProcessingFilter.java:200) ~[spring-security-web-5.1.4.RELEASE.jar:5.1.4.RELEASE]
	at org.springframework.security.web.FilterChainProxy$VirtualFilterChain.doFilter(FilterChainProxy.java:334) ~[spring-security-web-5.1.4.RELEASE.jar:5.1.4.RELEASE]
	at org.springframework.security.web.authentication.logout.LogoutFilter.doFilter(LogoutFilter.java:116) ~[spring-security-web-5.1.4.RELEASE.jar:5.1.4.RELEASE]
	at org.springframework.security.web.FilterChainProxy$VirtualFilterChain.doFilter(FilterChainProxy.java:334) ~[spring-security-web-5.1.4.RELEASE.jar:5.1.4.RELEASE]
	at org.springframework.security.web.header.HeaderWriterFilter.doFilterInternal(HeaderWriterFilter.java:74) ~[spring-security-web-5.1.4.RELEASE.jar:5.1.4.RELEASE]
	at org.springframework.web.filter.OncePerRequestFilter.doFilter(OncePerRequestFilter.java:107) ~[spring-web-5.1.5.RELEASE.jar:5.1.5.RELEASE]
	at org.springframework.security.web.FilterChainProxy$VirtualFilterChain.doFilter(FilterChainProxy.java:334) ~[spring-security-web-5.1.4.RELEASE.jar:5.1.4.RELEASE]
	at org.springframework.security.web.context.SecurityContextPersistenceFilter.doFilter(SecurityContextPersistenceFilter.java:105) ~[spring-security-web-5.1.4.RELEASE.jar:5.1.4.RELEASE]
	at org.springframework.security.web.FilterChainProxy$VirtualFilterChain.doFilter(FilterChainProxy.java:334) ~[spring-security-web-5.1.4.RELEASE.jar:5.1.4.RELEASE]
	at org.springframework.security.web.context.request.async.WebAsyncManagerIntegrationFilter.doFilterInternal(WebAsyncManagerIntegrationFilter.java:56) ~[spring-security-web-5.1.4.RELEASE.jar:5.1.4.RELEASE]
	at org.springframework.web.filter.OncePerRequestFilter.doFilter(OncePerRequestFilter.java:107) ~[spring-web-5.1.5.RELEASE.jar:5.1.5.RELEASE]
	at org.springframework.security.web.FilterChainProxy$VirtualFilterChain.doFilter(FilterChainProxy.java:334) ~[spring-security-web-5.1.4.RELEASE.jar:5.1.4.RELEASE]
	at org.springframework.security.web.FilterChainProxy.doFilterInternal(FilterChainProxy.java:215) ~[spring-security-web-5.1.4.RELEASE.jar:5.1.4.RELEASE]
	at org.springframework.security.web.FilterChainProxy.doFilter(FilterChainProxy.java:178) ~[spring-security-web-5.1.4.RELEASE.jar:5.1.4.RELEASE]
	at org.springframework.web.filter.DelegatingFilterProxy.invokeDelegate(DelegatingFilterProxy.java:357) ~[spring-web-5.1.5.RELEASE.jar:5.1.5.RELEASE]
	at org.springframework.web.filter.DelegatingFilterProxy.doFilter(DelegatingFilterProxy.java:270) ~[spring-web-5.1.5.RELEASE.jar:5.1.5.RELEASE]
	at org.apache.catalina.core.ApplicationFilterChain.internalDoFilter(ApplicationFilterChain.java:193) ~[tomcat-embed-core-9.0.16.jar:9.0.16]
	at org.apache.catalina.core.ApplicationFilterChain.doFilter(ApplicationFilterChain.java:166) ~[tomcat-embed-core-9.0.16.jar:9.0.16]
	at org.springframework.web.filter.RequestContextFilter.doFilterInternal(RequestContextFilter.java:99) ~[spring-web-5.1.5.RELEASE.jar:5.1.5.RELEASE]
	at org.springframework.web.filter.OncePerRequestFilter.doFilter(OncePerRequestFilter.java:107) ~[spring-web-5.1.5.RELEASE.jar:5.1.5.RELEASE]
	at org.apache.catalina.core.ApplicationFilterChain.internalDoFilter(ApplicationFilterChain.java:193) ~[tomcat-embed-core-9.0.16.jar:9.0.16]
	at org.apache.catalina.core.ApplicationFilterChain.doFilter(ApplicationFilterChain.java:166) ~[tomcat-embed-core-9.0.16.jar:9.0.16]
	at org.springframework.web.filter.FormContentFilter.doFilterInternal(FormContentFilter.java:92) ~[spring-web-5.1.5.RELEASE.jar:5.1.5.RELEASE]
	at org.springframework.web.filter.OncePerRequestFilter.doFilter(OncePerRequestFilter.java:107) ~[spring-web-5.1.5.RELEASE.jar:5.1.5.RELEASE]
	at org.apache.catalina.core.ApplicationFilterChain.internalDoFilter(ApplicationFilterChain.java:193) ~[tomcat-embed-core-9.0.16.jar:9.0.16]
	at org.apache.catalina.core.ApplicationFilterChain.doFilter(ApplicationFilterChain.java:166) ~[tomcat-embed-core-9.0.16.jar:9.0.16]
	at org.springframework.web.filter.HiddenHttpMethodFilter.doFilterInternal(HiddenHttpMethodFilter.java:93) ~[spring-web-5.1.5.RELEASE.jar:5.1.5.RELEASE]
	at org.springframework.web.filter.OncePerRequestFilter.doFilter(OncePerRequestFilter.java:107) ~[spring-web-5.1.5.RELEASE.jar:5.1.5.RELEASE]
	at org.apache.catalina.core.ApplicationFilterChain.internalDoFilter(ApplicationFilterChain.java:193) ~[tomcat-embed-core-9.0.16.jar:9.0.16]
	at org.apache.catalina.core.ApplicationFilterChain.doFilter(ApplicationFilterChain.java:166) ~[tomcat-embed-core-9.0.16.jar:9.0.16]
	at org.springframework.web.filter.CharacterEncodingFilter.doFilterInternal(CharacterEncodingFilter.java:200) ~[spring-web-5.1.5.RELEASE.jar:5.1.5.RELEASE]
	at org.springframework.web.filter.OncePerRequestFilter.doFilter(OncePerRequestFilter.java:107) ~[spring-web-5.1.5.RELEASE.jar:5.1.5.RELEASE]
	at org.apache.catalina.core.ApplicationFilterChain.internalDoFilter(ApplicationFilterChain.java:193) ~[tomcat-embed-core-9.0.16.jar:9.0.16]
	at org.apache.catalina.core.ApplicationFilterChain.doFilter(ApplicationFilterChain.java:166) ~[tomcat-embed-core-9.0.16.jar:9.0.16]
	at org.apache.catalina.core.StandardWrapperValve.invoke(StandardWrapperValve.java:200) ~[tomcat-embed-core-9.0.16.jar:9.0.16]
	at org.apache.catalina.core.StandardContextValve.invoke(StandardContextValve.java:96) ~[tomcat-embed-core-9.0.16.jar:9.0.16]
	at org.apache.catalina.authenticator.AuthenticatorBase.invoke(AuthenticatorBase.java:490) ~[tomcat-embed-core-9.0.16.jar:9.0.16]
	at org.apache.catalina.core.StandardHostValve.invoke(StandardHostValve.java:139) ~[tomcat-embed-core-9.0.16.jar:9.0.16]
	at org.apache.catalina.valves.ErrorReportValve.invoke(ErrorReportValve.java:92) ~[tomcat-embed-core-9.0.16.jar:9.0.16]
	at org.apache.catalina.core.StandardEngineValve.invoke(StandardEngineValve.java:74) ~[tomcat-embed-core-9.0.16.jar:9.0.16]
	at org.apache.catalina.connector.CoyoteAdapter.service(CoyoteAdapter.java:343) ~[tomcat-embed-core-9.0.16.jar:9.0.16]
	at org.apache.coyote.http11.Http11Processor.service(Http11Processor.java:408) ~[tomcat-embed-core-9.0.16.jar:9.0.16]
	at org.apache.coyote.AbstractProcessorLight.process(AbstractProcessorLight.java:66) ~[tomcat-embed-core-9.0.16.jar:9.0.16]
	at org.apache.coyote.AbstractProtocol$ConnectionHandler.process(AbstractProtocol.java:834) ~[tomcat-embed-core-9.0.16.jar:9.0.16]
	at org.apache.tomcat.util.net.NioEndpoint$SocketProcessor.doRun(NioEndpoint.java:1415) ~[tomcat-embed-core-9.0.16.jar:9.0.16]
	at org.apache.tomcat.util.net.SocketProcessorBase.run(SocketProcessorBase.java:49) ~[tomcat-embed-core-9.0.16.jar:9.0.16]
	at java.base/java.util.concurrent.ThreadPoolExecutor.runWorker(ThreadPoolExecutor.java:1128) ~[na:na]
	at java.base/java.util.concurrent.ThreadPoolExecutor$Worker.run(ThreadPoolExecutor.java:628) ~[na:na]
	at org.apache.tomcat.util.threads.TaskThread$WrappingRunnable.run(TaskThread.java:61) ~[tomcat-embed-core-9.0.16.jar:9.0.16]
	at java.base/java.lang.Thread.run(Thread.java:834) ~[na:na]

 
 
DEBUG: JavaMail version 1.6.2
DEBUG: successfully loaded resource: /META-INF/javamail.default.address.map
DEBUG: getProvider() returning javax.mail.Provider[TRANSPORT,smtp,com.sun.mail.smtp.SMTPTransport,Oracle]
DEBUG SMTP: useEhlo true, useAuth true
DEBUG SMTP: trying to connect to host "smtp.gmail.com", port 587, isSSL false
220 smtp.gmail.com ESMTP y7sm2563394pja.26 - gsmtp
DEBUG SMTP: connected to host "smtp.gmail.com", port: 587
EHLO Webproject1
250-smtp.gmail.com at your service, [61.84.24.251]
250-SIZE 35882577
250-8BITMIME
250-STARTTLS
250-ENHANCEDSTATUSCODES
250-PIPELINING
250-CHUNKING
250 SMTPUTF8
DEBUG SMTP: Found extension "SIZE", arg "35882577"
DEBUG SMTP: Found extension "8BITMIME", arg ""
DEBUG SMTP: Found extension "STARTTLS", arg ""
DEBUG SMTP: Found extension "ENHANCEDSTATUSCODES", arg ""
DEBUG SMTP: Found extension "PIPELINING", arg ""
DEBUG SMTP: Found extension "CHUNKING", arg ""
DEBUG SMTP: Found extension "SMTPUTF8", arg ""
STARTTLS
220 2.0.0 Ready to start TLS
EHLO Webproject1
250-smtp.gmail.com at your service, [61.84.24.251]
250-SIZE 35882577
250-8BITMIME
250-AUTH LOGIN PLAIN XOAUTH2 PLAIN-CLIENTTOKEN OAUTHBEARER XOAUTH
250-ENHANCEDSTATUSCODES
250-PIPELINING
250-CHUNKING
250 SMTPUTF8
DEBUG SMTP: Found extension "SIZE", arg "35882577"
DEBUG SMTP: Found extension "8BITMIME", arg ""
DEBUG SMTP: Found extension "AUTH", arg "LOGIN PLAIN XOAUTH2 PLAIN-CLIENTTOKEN OAUTHBEARER XOAUTH"
DEBUG SMTP: Found extension "ENHANCEDSTATUSCODES", arg ""
DEBUG SMTP: Found extension "PIPELINING", arg ""
DEBUG SMTP: Found extension "CHUNKING", arg ""
DEBUG SMTP: Found extension "SMTPUTF8", arg ""
DEBUG SMTP: protocolConnect login, host=smtp.gmail.com, user=ducemaster1@gmail.com, password=<non-null>
DEBUG SMTP: Attempt to authenticate using mechanisms: LOGIN PLAIN DIGEST-MD5 NTLM XOAUTH2 
DEBUG SMTP: Using mechanism LOGIN
DEBUG SMTP: AUTH LOGIN command trace suppressed
DEBUG SMTP: AUTH LOGIN succeeded
DEBUG SMTP: use8bit false
MAIL FROM:<ducemaster1@gmail.com>
250 2.1.0 OK y7sm2563394pja.26 - gsmtp
RCPT TO:<redsky__7@naver.com>
250 2.1.5 OK y7sm2563394pja.26 - gsmtp
DEBUG SMTP: Verified Addresses
DEBUG SMTP:   redsky__7@naver.com
DATA
354  Go ahead y7sm2563394pja.26 - gsmtp
Date: Fri, 7 Jun 2019 22:10:31 +0900 (KST)
From: ducemaster1@gmail.com
To: redsky__7@naver.com
Message-ID: <200077894.0.1559913031097@Webproject1>
Subject: =?UTF-8?B?7Lqh7Iqk7YakIOyghOyLnOq0gCDslYTsnbTrlJQg7LC+6riw?=
MIME-Version: 1.0
Content-Type: text/plain; charset=UTF-8
Content-Transfer-Encoding: base64

7Iut66WZ64WE64uY7J2YIOyVhOydtOuUlOuKlCAyMDE2IOyeheuLiOuLpC4=
.
250 2.0.0 OK  1559913033 y7sm2563394pja.26 - gsmtp
DEBUG SMTP: message successfully delivered to mail server
QUIT
221 2.0.0 closing connection y7sm2563394pja.26 - gsmtp
2019-06-07 22:27:52.351  INFO 5603 --- [       Thread-3] o.s.s.concurrent.ThreadPoolTaskExecutor  : Shutting down ExecutorService 'applicationTaskExecutor'
2019-06-07 22:27:52.353  INFO 5603 --- [       Thread-3] j.LocalContainerEntityManagerFactoryBean : Closing JPA EntityManagerFactory for persistence unit 'default'
2019-06-07 22:27:52.355  INFO 5603 --- [       Thread-3] com.zaxxer.hikari.HikariDataSource       : HikariPool-1 - Shutdown initiated...
2019-06-07 22:27:52.362  INFO 5603 --- [       Thread-3] com.zaxxer.hikari.HikariDataSource       : HikariPool-1 - Shutdown completed.
[INFO] Scanning for projects...
[INFO] 
[INFO] --------------------------< com.example:demo >--------------------------
[INFO] Building demo 0.0.1-SNAPSHOT
[INFO] --------------------------------[ jar ]---------------------------------
[INFO] 
[INFO] >>> spring-boot-maven-plugin:2.1.3.RELEASE:run (default-cli) > test-compile @ demo >>>
[INFO] 
[INFO] --- maven-resources-plugin:3.1.0:resources (default-resources) @ demo ---
[INFO] Using 'UTF-8' encoding to copy filtered resources.
[INFO] Copying 1 resource
[INFO] Copying 272 resources
[INFO] 
[INFO] --- maven-compiler-plugin:3.8.0:compile (default-compile) @ demo ---
[INFO] Changes detected - recompiling the module!
[INFO] Compiling 72 source files to /home/server/WebApp/test/duce/target/classes
[INFO] /home/server/WebApp/test/duce/src/main/java/kr/ac/duce/service/impl/IntroSettingServiceImpl.java: Some input files use unchecked or unsafe operations.
[INFO] /home/server/WebApp/test/duce/src/main/java/kr/ac/duce/service/impl/IntroSettingServiceImpl.java: Recompile with -Xlint:unchecked for details.
[INFO] 
[INFO] --- maven-resources-plugin:3.1.0:testResources (default-testResources) @ demo ---
[INFO] Using 'UTF-8' encoding to copy filtered resources.
[INFO] skip non existing resourceDirectory /home/server/WebApp/test/duce/src/test/resources
[INFO] 
[INFO] --- maven-compiler-plugin:3.8.0:testCompile (default-testCompile) @ demo ---
[INFO] No sources to compile
[INFO] 
[INFO] <<< spring-boot-maven-plugin:2.1.3.RELEASE:run (default-cli) < test-compile @ demo <<<
[INFO] 
[INFO] 
[INFO] --- spring-boot-maven-plugin:2.1.3.RELEASE:run (default-cli) @ demo ---

  .   ____          _            __ _ _
 /\\ / ___'_ __ _ _(_)_ __  __ _ \ \ \ \
( ( )\___ | '_ | '_| | '_ \/ _` | \ \ \ \
 \\/  ___)| |_)| | | | | || (_| |  ) ) ) )
  '  |____| .__|_| |_|_| |_\__, | / / / /
 =========|_|==============|___/=/_/_/_/
 :: Spring Boot ::        (v2.1.3.RELEASE)

2019-06-07 22:28:59.542  INFO 5896 --- [           main] k.a.d.SpringBootJpaSecurityApplication   : Starting SpringBootJpaSecurityApplication on Webproject1 with PID 5896 (/home/server/WebApp/test/duce/target/classes started by root in /home/server/WebApp/test/duce)
2019-06-07 22:28:59.553  INFO 5896 --- [           main] k.a.d.SpringBootJpaSecurityApplication   : The following profiles are active: live
2019-06-07 22:29:00.997  INFO 5896 --- [           main] .s.d.r.c.RepositoryConfigurationDelegate : Bootstrapping Spring Data repositories in DEFAULT mode.
2019-06-07 22:29:01.043  INFO 5896 --- [           main] .s.d.r.c.RepositoryConfigurationDelegate : Finished Spring Data repository scanning in 39ms. Found 0 repository interfaces.
2019-06-07 22:29:01.728  INFO 5896 --- [           main] trationDelegate$BeanPostProcessorChecker : Bean 'org.springframework.transaction.annotation.ProxyTransactionManagementConfiguration' of type [org.springframework.transaction.annotation.ProxyTransactionManagementConfiguration$$EnhancerBySpringCGLIB$$6e852a0d] is not eligible for getting processed by all BeanPostProcessors (for example: not eligible for auto-proxying)
2019-06-07 22:29:02.486  INFO 5896 --- [           main] o.s.b.w.embedded.tomcat.TomcatWebServer  : Tomcat initialized with port(s): 8080 (http)
2019-06-07 22:29:02.551  INFO 5896 --- [           main] o.apache.catalina.core.StandardService   : Starting service [Tomcat]
2019-06-07 22:29:02.552  INFO 5896 --- [           main] org.apache.catalina.core.StandardEngine  : Starting Servlet engine: [Apache Tomcat/9.0.16]
2019-06-07 22:29:02.571  INFO 5896 --- [           main] o.a.catalina.core.AprLifecycleListener   : The APR based Apache Tomcat Native library which allows optimal performance in production environments was not found on the java.library.path: [/usr/java/packages/lib:/usr/lib64:/lib64:/lib:/usr/lib]
2019-06-07 22:29:02.949  INFO 5896 --- [           main] org.apache.jasper.servlet.TldScanner     : At least one JAR was scanned for TLDs yet contained no TLDs. Enable debug logging for this logger for a complete list of JARs that were scanned but no TLDs were found in them. Skipping unneeded JARs during scanning can improve startup time and JSP compilation time.
2019-06-07 22:29:02.952  INFO 5896 --- [           main] o.a.c.c.C.[Tomcat].[localhost].[/]       : Initializing Spring embedded WebApplicationContext
2019-06-07 22:29:02.952  INFO 5896 --- [           main] o.s.web.context.ContextLoader            : Root WebApplicationContext: initialization completed in 3320 ms
2019-06-07 22:29:03.210  INFO 5896 --- [           main] com.zaxxer.hikari.HikariDataSource       : HikariPool-1 - Starting...
2019-06-07 22:29:03.433  INFO 5896 --- [           main] com.zaxxer.hikari.HikariDataSource       : HikariPool-1 - Start completed.
2019-06-07 22:29:03.531  INFO 5896 --- [           main] o.hibernate.jpa.internal.util.LogHelper  : HHH000204: Processing PersistenceUnitInfo [
	name: default
	...]
2019-06-07 22:29:03.691  INFO 5896 --- [           main] org.hibernate.Version                    : HHH000412: Hibernate Core {5.3.7.Final}
2019-06-07 22:29:03.692  INFO 5896 --- [           main] org.hibernate.cfg.Environment            : HHH000206: hibernate.properties not found
2019-06-07 22:29:03.871  INFO 5896 --- [           main] o.hibernate.annotations.common.Version   : HCANN000001: Hibernate Commons Annotations {5.0.4.Final}
2019-06-07 22:29:04.101  INFO 5896 --- [           main] org.hibernate.dialect.Dialect            : HHH000400: Using dialect: org.hibernate.dialect.MySQL5Dialect
2019-06-07 22:29:04.409  INFO 5896 --- [           main] j.LocalContainerEntityManagerFactoryBean : Initialized JPA EntityManagerFactory for persistence unit 'default'
2019-06-07 22:29:05.167  INFO 5896 --- [           main] o.s.s.web.DefaultSecurityFilterChain     : Creating filter chain: any request, [org.springframework.security.web.context.request.async.WebAsyncManagerIntegrationFilter@2acc814e, org.springframework.security.web.context.SecurityContextPersistenceFilter@3e52569e, org.springframework.security.web.header.HeaderWriterFilter@a467c92, org.springframework.security.web.authentication.logout.LogoutFilter@c5142fe, org.springframework.security.web.authentication.UsernamePasswordAuthenticationFilter@689d0ef3, org.springframework.security.web.savedrequest.RequestCacheAwareFilter@1bc68480, org.springframework.security.web.servletapi.SecurityContextHolderAwareRequestFilter@755370b2, org.springframework.security.web.authentication.AnonymousAuthenticationFilter@77c4c5ae, org.springframework.security.web.session.SessionManagementFilter@7eafec0, org.springframework.security.web.access.ExceptionTranslationFilter@236fed9b, org.springframework.security.web.access.intercept.FilterSecurityInterceptor@697bb4cd]
2019-06-07 22:29:05.418  INFO 5896 --- [           main] o.s.s.concurrent.ThreadPoolTaskExecutor  : Initializing ExecutorService 'applicationTaskExecutor'
2019-06-07 22:29:05.483  WARN 5896 --- [           main] aWebConfiguration$JpaWebMvcConfiguration : spring.jpa.open-in-view is enabled by default. Therefore, database queries may be performed during view rendering. Explicitly configure spring.jpa.open-in-view to disable this warning
file:/home/server/WebApp/test/duce/src/main/resources
2019-06-07 22:29:05.651  INFO 5896 --- [           main] o.s.b.a.w.s.WelcomePageHandlerMapping    : Adding welcome page template: index
2019-06-07 22:29:05.975  INFO 5896 --- [           main] o.s.b.w.embedded.tomcat.TomcatWebServer  : Tomcat started on port(s): 8080 (http) with context path ''
2019-06-07 22:29:05.981  INFO 5896 --- [           main] k.a.d.SpringBootJpaSecurityApplication   : Started SpringBootJpaSecurityApplication in 7.222 seconds (JVM running for 16.047)
2019-06-07 22:29:31.183  INFO 5896 --- [nio-8080-exec-1] o.a.c.c.C.[Tomcat].[localhost].[/]       : Initializing Spring DispatcherServlet 'dispatcherServlet'
2019-06-07 22:29:31.184  INFO 5896 --- [nio-8080-exec-1] o.s.web.servlet.DispatcherServlet        : Initializing Servlet 'dispatcherServlet'
2019-06-07 22:29:31.199  INFO 5896 --- [nio-8080-exec-1] o.s.web.servlet.DispatcherServlet        : Completed initialization in 15 ms
 -        .pdf
 .pdf
 -       .pdf
2019-06-07 23:09:25.860  INFO 5896 --- [       Thread-3] o.s.s.concurrent.ThreadPoolTaskExecutor  : Shutting down ExecutorService 'applicationTaskExecutor'
2019-06-07 23:09:25.862  INFO 5896 --- [       Thread-3] j.LocalContainerEntityManagerFactoryBean : Closing JPA EntityManagerFactory for persistence unit 'default'
2019-06-07 23:09:25.864  INFO 5896 --- [       Thread-3] com.zaxxer.hikari.HikariDataSource       : HikariPool-1 - Shutdown initiated...
2019-06-07 23:09:25.883  INFO 5896 --- [       Thread-3] com.zaxxer.hikari.HikariDataSource       : HikariPool-1 - Shutdown completed.
[INFO] ------------------------------------------------------------------------
[INFO] BUILD SUCCESS
[INFO] ------------------------------------------------------------------------
[INFO] Total time:  40:36 min
[INFO] Finished at: 2019-06-07T23:09:27+09:00
[INFO] ------------------------------------------------------------------------
[INFO] Scanning for projects...
[INFO] 
[INFO] --------------------------< com.example:demo >--------------------------
[INFO] Building demo 0.0.1-SNAPSHOT
[INFO] --------------------------------[ jar ]---------------------------------
[INFO] 
[INFO] >>> spring-boot-maven-plugin:2.1.3.RELEASE:run (default-cli) > test-compile @ demo >>>
[INFO] 
[INFO] --- maven-resources-plugin:3.1.0:resources (default-resources) @ demo ---
[INFO] Using 'UTF-8' encoding to copy filtered resources.
[INFO] Copying 1 resource
[INFO] Copying 272 resources
[INFO] 
[INFO] --- maven-compiler-plugin:3.8.0:compile (default-compile) @ demo ---
[INFO] Changes detected - recompiling the module!
[INFO] Compiling 72 source files to /home/server/WebApp/test/duce/target/classes
[INFO] /home/server/WebApp/test/duce/src/main/java/kr/ac/duce/service/impl/IntroSettingServiceImpl.java: Some input files use unchecked or unsafe operations.
[INFO] /home/server/WebApp/test/duce/src/main/java/kr/ac/duce/service/impl/IntroSettingServiceImpl.java: Recompile with -Xlint:unchecked for details.
[INFO] 
[INFO] --- maven-resources-plugin:3.1.0:testResources (default-testResources) @ demo ---
[INFO] Using 'UTF-8' encoding to copy filtered resources.
[INFO] skip non existing resourceDirectory /home/server/WebApp/test/duce/src/test/resources
[INFO] 
[INFO] --- maven-compiler-plugin:3.8.0:testCompile (default-testCompile) @ demo ---
[INFO] No sources to compile
[INFO] 
[INFO] <<< spring-boot-maven-plugin:2.1.3.RELEASE:run (default-cli) < test-compile @ demo <<<
[INFO] 
[INFO] 
[INFO] --- spring-boot-maven-plugin:2.1.3.RELEASE:run (default-cli) @ demo ---

  .   ____          _            __ _ _
 /\\ / ___'_ __ _ _(_)_ __  __ _ \ \ \ \
( ( )\___ | '_ | '_| | '_ \/ _` | \ \ \ \
 \\/  ___)| |_)| | | | | || (_| |  ) ) ) )
  '  |____| .__|_| |_|_| |_\__, | / / / /
 =========|_|==============|___/=/_/_/_/
 :: Spring Boot ::        (v2.1.3.RELEASE)

2019-06-07 23:09:57.885  INFO 6145 --- [           main] k.a.d.SpringBootJpaSecurityApplication   : Starting SpringBootJpaSecurityApplication on Webproject1 with PID 6145 (/home/server/WebApp/test/duce/target/classes started by root in /home/server/WebApp/test/duce)
2019-06-07 23:09:57.893  INFO 6145 --- [           main] k.a.d.SpringBootJpaSecurityApplication   : The following profiles are active: live
2019-06-07 23:09:59.345  INFO 6145 --- [           main] .s.d.r.c.RepositoryConfigurationDelegate : Bootstrapping Spring Data repositories in DEFAULT mode.
2019-06-07 23:09:59.396  INFO 6145 --- [           main] .s.d.r.c.RepositoryConfigurationDelegate : Finished Spring Data repository scanning in 42ms. Found 0 repository interfaces.
2019-06-07 23:10:00.056  INFO 6145 --- [           main] trationDelegate$BeanPostProcessorChecker : Bean 'org.springframework.transaction.annotation.ProxyTransactionManagementConfiguration' of type [org.springframework.transaction.annotation.ProxyTransactionManagementConfiguration$$EnhancerBySpringCGLIB$$11cb02f] is not eligible for getting processed by all BeanPostProcessors (for example: not eligible for auto-proxying)
2019-06-07 23:10:00.644  INFO 6145 --- [           main] o.s.b.w.embedded.tomcat.TomcatWebServer  : Tomcat initialized with port(s): 8080 (http)
2019-06-07 23:10:00.709  INFO 6145 --- [           main] o.apache.catalina.core.StandardService   : Starting service [Tomcat]
2019-06-07 23:10:00.709  INFO 6145 --- [           main] org.apache.catalina.core.StandardEngine  : Starting Servlet engine: [Apache Tomcat/9.0.16]
2019-06-07 23:10:00.726  INFO 6145 --- [           main] o.a.catalina.core.AprLifecycleListener   : The APR based Apache Tomcat Native library which allows optimal performance in production environments was not found on the java.library.path: [/usr/java/packages/lib:/usr/lib64:/lib64:/lib:/usr/lib]
2019-06-07 23:10:01.133  INFO 6145 --- [           main] org.apache.jasper.servlet.TldScanner     : At least one JAR was scanned for TLDs yet contained no TLDs. Enable debug logging for this logger for a complete list of JARs that were scanned but no TLDs were found in them. Skipping unneeded JARs during scanning can improve startup time and JSP compilation time.
2019-06-07 23:10:01.141  INFO 6145 --- [           main] o.a.c.c.C.[Tomcat].[localhost].[/]       : Initializing Spring embedded WebApplicationContext
2019-06-07 23:10:01.141  INFO 6145 --- [           main] o.s.web.context.ContextLoader            : Root WebApplicationContext: initialization completed in 3169 ms
2019-06-07 23:10:01.481  INFO 6145 --- [           main] com.zaxxer.hikari.HikariDataSource       : HikariPool-1 - Starting...
2019-06-07 23:10:01.693  INFO 6145 --- [           main] com.zaxxer.hikari.HikariDataSource       : HikariPool-1 - Start completed.
2019-06-07 23:10:01.778  INFO 6145 --- [           main] o.hibernate.jpa.internal.util.LogHelper  : HHH000204: Processing PersistenceUnitInfo [
	name: default
	...]
2019-06-07 23:10:01.930  INFO 6145 --- [           main] org.hibernate.Version                    : HHH000412: Hibernate Core {5.3.7.Final}
2019-06-07 23:10:01.931  INFO 6145 --- [           main] org.hibernate.cfg.Environment            : HHH000206: hibernate.properties not found
2019-06-07 23:10:02.126  INFO 6145 --- [           main] o.hibernate.annotations.common.Version   : HCANN000001: Hibernate Commons Annotations {5.0.4.Final}
2019-06-07 23:10:02.343  INFO 6145 --- [           main] org.hibernate.dialect.Dialect            : HHH000400: Using dialect: org.hibernate.dialect.MySQL5Dialect
2019-06-07 23:10:02.665  INFO 6145 --- [           main] j.LocalContainerEntityManagerFactoryBean : Initialized JPA EntityManagerFactory for persistence unit 'default'
2019-06-07 23:10:03.409  INFO 6145 --- [           main] o.s.s.web.DefaultSecurityFilterChain     : Creating filter chain: any request, [org.springframework.security.web.context.request.async.WebAsyncManagerIntegrationFilter@1036689, org.springframework.security.web.context.SecurityContextPersistenceFilter@5b9db9fe, org.springframework.security.web.header.HeaderWriterFilter@ec3f0b9, org.springframework.security.web.authentication.logout.LogoutFilter@55525a81, org.springframework.security.web.authentication.UsernamePasswordAuthenticationFilter@20565d7b, org.springframework.security.web.savedrequest.RequestCacheAwareFilter@31ed8ac, org.springframework.security.web.servletapi.SecurityContextHolderAwareRequestFilter@7847384d, org.springframework.security.web.authentication.AnonymousAuthenticationFilter@1f3a5b08, org.springframework.security.web.session.SessionManagementFilter@ba292cd, org.springframework.security.web.access.ExceptionTranslationFilter@6da9b0d0, org.springframework.security.web.access.intercept.FilterSecurityInterceptor@cd0ba3c]
2019-06-07 23:10:03.676  INFO 6145 --- [           main] o.s.s.concurrent.ThreadPoolTaskExecutor  : Initializing ExecutorService 'applicationTaskExecutor'
2019-06-07 23:10:03.742  WARN 6145 --- [           main] aWebConfiguration$JpaWebMvcConfiguration : spring.jpa.open-in-view is enabled by default. Therefore, database queries may be performed during view rendering. Explicitly configure spring.jpa.open-in-view to disable this warning
file:/home/server/WebApp/test/duce/src/main/resources
2019-06-07 23:10:03.907  INFO 6145 --- [           main] o.s.b.a.w.s.WelcomePageHandlerMapping    : Adding welcome page template: index
2019-06-07 23:10:04.202  INFO 6145 --- [           main] o.s.b.w.embedded.tomcat.TomcatWebServer  : Tomcat started on port(s): 8080 (http) with context path ''
2019-06-07 23:10:04.211  INFO 6145 --- [           main] k.a.d.SpringBootJpaSecurityApplication   : Started SpringBootJpaSecurityApplication in 7.207 seconds (JVM running for 16.012)
2019-06-07 23:10:05.967  INFO 6145 --- [nio-8080-exec-1] o.a.c.c.C.[Tomcat].[localhost].[/]       : Initializing Spring DispatcherServlet 'dispatcherServlet'
2019-06-07 23:10:05.970  INFO 6145 --- [nio-8080-exec-1] o.s.web.servlet.DispatcherServlet        : Initializing Servlet 'dispatcherServlet'
2019-06-07 23:10:05.984  INFO 6145 --- [nio-8080-exec-1] o.s.web.servlet.DispatcherServlet        : Completed initialization in 14 ms
 -  .pdf
 -       .pdf
2018__.pdf
2018__12  .pdf
2018__12  .pdf
2018__12  .pdf
 -   .pdf
 .pdf
 -   .pdf
 -        .pdf
 -     .pdf
 -       .pdf
 -  .pdf
 -   wet nozzle tilting system.pdf
 -        .pdf
 -  .pdf
 .pdf
 .pdf
 .pdf
 -        .pdf
  .pdf
2019-06-08 05:26:03.564  WARN 6145 --- [nio-8080-exec-7] o.s.web.servlet.PageNotFound             : No mapping for GET /cache/global/img/gs.gif
